[0624/071308.398:ERROR:process_reader_win.cc(123)] NtOpenThread: {Access Denied} A process has requested access to an object, but has not been granted those access rights. (0xc0000022)
[0624/071308.400:ERROR:exception_snapshot_win.cc(98)] thread ID 17848 not found in process
[0624/071308.621:ERROR:process_reader_win.cc(123)] NtOpenThread: {Access Denied} A process has requested access to an object, but has not been granted those access rights. (0xc0000022)
[0624/071308.621:ERROR:exception_snapshot_win.cc(98)] thread ID 12584 not found in process
[0624/071308.655:ERROR:process_reader_win.cc(123)] NtOpenThread: {Access Denied} A process has requested access to an object, but has not been granted those access rights. (0xc0000022)
[0624/071308.664:ERROR:exception_snapshot_win.cc(98)] thread ID 21036 not found in process
[0624/165435.371:ERROR:process_reader_win.cc(123)] NtOpenThread: {Access Denied} A process has requested access to an object, but has not been granted those access rights. (0xc0000022)
[0624/165435.445:ERROR:exception_snapshot_win.cc(98)] thread ID 9336 not found in process
[0624/165435.372:ERROR:process_reader_win.cc(123)] NtOpenThread: {Access Denied} A process has requested access to an object, but has not been granted those access rights. (0xc0000022)
[0624/165435.448:ERROR:exception_snapshot_win.cc(98)] thread ID 2308 not found in process
[0626/023231.771:ERROR:process_reader_win.cc(123)] NtOpenThread: {Access Denied} A process has requested access to an object, but has not been granted those access rights. (0xc0000022)
[0626/023231.773:ERROR:exception_snapshot_win.cc(98)] thread ID 15048 not found in process
[0626/023231.784:ERROR:process_reader_win.cc(123)] NtOpenThread: {Access Denied} A process has requested access to an object, but has not been granted those access rights. (0xc0000022)
[0626/023231.784:ERROR:exception_snapshot_win.cc(98)] thread ID 11256 not found in process
[0626/031019.941:ERROR:process_reader_win.cc(123)] NtOpenThread: {Access Denied} A process has requested access to an object, but has not been granted those access rights. (0xc0000022)
[0626/031019.942:ERROR:exception_snapshot_win.cc(98)] thread ID 17380 not found in process
[0626/031019.957:ERROR:process_reader_win.cc(123)] NtOpenThread: {Access Denied} A process has requested access to an object, but has not been granted those access rights. (0xc0000022)
[0626/031019.958:ERROR:exception_snapshot_win.cc(98)] thread ID 12900 not found in process
[0626/140037.751:ERROR:process_memory_win.cc(73)] ReadMemory at 0x7ff7b2050000 of 64 bytes failed: Only part of a ReadProcessMemory or WriteProcessMemory request was completed. (0x12B)
[0626/140037.753:WARNING:pe_image_reader.cc(340)] could not read dos header from C:\Program Files (x86)\Google\Chrome\Application\chrome.exe
[0626/140037.753:ERROR:process_memory_win.cc(73)] ReadMemory at 0x7ffc936c0000 of 64 bytes failed: Only part of a ReadProcessMemory or WriteProcessMemory request was completed. (0x12B)
[0626/140037.753:WARNING:pe_image_reader.cc(340)] could not read dos header from C:\WINDOWS\SYSTEM32\ntdll.dll
[0626/140037.753:ERROR:process_memory_win.cc(73)] ReadMemory at 0x7ffc92c00000 of 64 bytes failed: Only part of a ReadProcessMemory or WriteProcessMemory request was completed. (0x12B)
[0626/140037.753:WARNING:pe_image_reader.cc(340)] could not read dos header from C:\WINDOWS\System32\KERNEL32.DLL
[0626/140037.753:ERROR:process_memory_win.cc(73)] ReadMemory at 0x7ffc90770000 of 64 bytes failed: Only part of a ReadProcessMemory or WriteProcessMemory request was completed. (0x12B)
[0626/140037.753:WARNING:pe_image_reader.cc(340)] could not read dos header from C:\WINDOWS\System32\KERNELBASE.dll
[0626/140037.753:ERROR:process_memory_win.cc(73)] ReadMemory at 0x7ffc57380000 of 64 bytes failed: Only part of a ReadProcessMemory or WriteProcessMemory request was completed. (0x12B)
[0626/140037.753:WARNING:pe_image_reader.cc(340)] could not read dos header from C:\Program Files (x86)\Google\Chrome\Application\83.0.4103.116\chrome_elf.dll
[0626/140037.753:ERROR:process_memory_win.cc(73)] ReadMemory at 0x7ffc81730000 of 64 bytes failed: Only part of a ReadProcessMemory or WriteProcessMemory request was completed. (0x12B)
[0626/140037.754:WARNING:pe_image_reader.cc(340)] could not read dos header from C:\WINDOWS\SYSTEM32\VERSION.dll
[0626/140037.754:ERROR:process_memory_win.cc(73)] ReadMemory at 0x7ffc92d40000 of 64 bytes failed: Only part of a ReadProcessMemory or WriteProcessMemory request was completed. (0x12B)
[0626/140037.754:WARNING:pe_image_reader.cc(340)] could not read dos header from C:\WINDOWS\System32\msvcrt.dll
[0626/140037.754:ERROR:process_memory_win.cc(73)] ReadMemory at 0x7ffc912d0000 of 64 bytes failed: Only part of a ReadProcessMemory or WriteProcessMemory request was completed. (0x12B)
[0626/140037.754:WARNING:pe_image_reader.cc(340)] could not read dos header from C:\WINDOWS\System32\bcryptPrimitives.dll
[0626/140037.754:ERROR:process_memory_win.cc(73)] ReadMemory at 0x7ffc92710000 of 64 bytes failed: Only part of a ReadProcessMemory or WriteProcessMemory request was completed. (0x12B)
[0626/140037.754:WARNING:pe_image_reader.cc(340)] could not read dos header from C:\WINDOWS\System32\ADVAPI32.dll
[0626/140037.754:ERROR:process_memory_win.cc(73)] ReadMemory at 0x7ffc92b00000 of 64 bytes failed: Only part of a ReadProcessMemory or WriteProcessMemory request was completed. (0x12B)
[0626/140037.754:WARNING:pe_image_reader.cc(340)] could not read dos header from C:\WINDOWS\System32\sechost.dll
[0626/140037.754:ERROR:process_memory_win.cc(73)] ReadMemory at 0x7ffc93560000 of 64 bytes failed: Only part of a ReadProcessMemory or WriteProcessMemory request was completed. (0x12B)
[0626/140037.754:WARNING:pe_image_reader.cc(340)] could not read dos header from C:\WINDOWS\System32\RPCRT4.dll
[0626/140037.754:ERROR:process_memory_win.cc(73)] ReadMemory at 0x7ffc4f310000 of 64 bytes failed: Only part of a ReadProcessMemory or WriteProcessMemory request was completed. (0x12B)
[0626/140037.754:WARNING:pe_image_reader.cc(340)] could not read dos header from C:\Program Files (x86)\Google\Chrome\Application\83.0.4103.116\chrome.dll
[0626/140037.754:ERROR:process_memory_win.cc(73)] ReadMemory at 0x7ffc934f0000 of 64 bytes failed: Only part of a ReadProcessMemory or WriteProcessMemory request was completed. (0x12B)
[0626/140037.754:WARNING:pe_image_reader.cc(340)] could not read dos header from C:\WINDOWS\System32\WS2_32.dll
[0626/140037.754:ERROR:process_memory_win.cc(73)] ReadMemory at 0x7ffc91770000 of 64 bytes failed: Only part of a ReadProcessMemory or WriteProcessMemory request was completed. (0x12B)
[0626/140037.754:WARNING:pe_image_reader.cc(340)] could not read dos header from C:\WINDOWS\System32\OLEAUT32.dll
[0626/140037.754:ERROR:process_memory_win.cc(73)] ReadMemory at 0x7ffc91230000 of 64 bytes failed: Only part of a ReadProcessMemory or WriteProcessMemory request was completed. (0x12B)
[0626/140037.754:WARNING:pe_image_reader.cc(340)] could not read dos header from C:\WINDOWS\System32\msvcp_win.dll
[0626/140037.754:ERROR:process_memory_win.cc(73)] ReadMemory at 0x7ffc91670000 of 64 bytes failed: Only part of a ReadProcessMemory or WriteProcessMemory request was completed. (0x12B)
[0626/140037.755:WARNING:pe_image_reader.cc(340)] could not read dos header from C:\WINDOWS\System32\ucrtbase.dll
[0626/140037.755:ERROR:process_memory_win.cc(73)] ReadMemory at 0x7ffc931b0000 of 64 bytes failed: Only part of a ReadProcessMemory or WriteProcessMemory request was completed. (0x12B)
[0626/140037.755:WARNING:pe_image_reader.cc(340)] could not read dos header from C:\WINDOWS\System32\combase.dll
[0626/140037.755:ERROR:process_memory_win.cc(73)] ReadMemory at 0x7ffc90a50000 of 64 bytes failed: Only part of a ReadProcessMemory or WriteProcessMemory request was completed. (0x12B)
[0626/140037.755:WARNING:pe_image_reader.cc(340)] could not read dos header from C:\WINDOWS\System32\WINTRUST.dll
[0626/140037.755:ERROR:process_memory_win.cc(73)] ReadMemory at 0x7ffc90630000 of 64 bytes failed: Only part of a ReadProcessMemory or WriteProcessMemory request was completed. (0x12B)
[0626/140037.755:WARNING:pe_image_reader.cc(340)] could not read dos header from C:\WINDOWS\System32\MSASN1.dll
[0626/140037.755:ERROR:process_memory_win.cc(73)] ReadMemory at 0x7ffc91350000 of 64 bytes failed: Only part of a ReadProcessMemory or WriteProcessMemory request was completed. (0x12B)
[0626/140037.755:WARNING:pe_image_reader.cc(340)] could not read dos header from C:\WINDOWS\System32\CRYPT32.dll
[0626/140037.755:ERROR:process_memory_win.cc(73)] ReadMemory at 0x7ffc8faa0000 of 64 bytes failed: Only part of a ReadProcessMemory or WriteProcessMemory request was completed. (0x12B)
[0626/140037.755:WARNING:pe_image_reader.cc(340)] could not read dos header from C:\WINDOWS\SYSTEM32\IPHLPAPI.DLL
[0626/140037.755:ERROR:process_memory_win.cc(73)] ReadMemory at 0x7ffc8e520000 of 64 bytes failed: Only part of a ReadProcessMemory or WriteProcessMemory request was completed. (0x12B)
[0626/140037.755:WARNING:pe_image_reader.cc(340)] could not read dos header from C:\WINDOWS\SYSTEM32\WINMM.dll
[0626/140037.755:ERROR:process_memory_win.cc(73)] ReadMemory at 0x7ffc80630000 of 64 bytes failed: Only part of a ReadProcessMemory or WriteProcessMemory request was completed. (0x12B)
[0626/140037.755:WARNING:pe_image_reader.cc(340)] could not read dos header from C:\WINDOWS\SYSTEM32\Secur32.dll
[0626/140037.755:ERROR:process_memory_win.cc(73)] ReadMemory at 0x7ffc904a0000 of 64 bytes failed: Only part of a ReadProcessMemory or WriteProcessMemory request was completed. (0x12B)
[0626/140037.755:WARNING:pe_image_reader.cc(340)] could not read dos header from C:\WINDOWS\SYSTEM32\USERENV.dll
[0626/140037.755:ERROR:process_memory_win.cc(73)] ReadMemory at 0x7ffc90600000 of 64 bytes failed: Only part of a ReadProcessMemory or WriteProcessMemory request was completed. (0x12B)
[0626/140037.755:WARNING:pe_image_reader.cc(340)] could not read dos header from C:\WINDOWS\System32\profapi.dll
[0626/140037.755:ERROR:process_memory_win.cc(73)] ReadMemory at 0x7ffc73e60000 of 64 bytes failed: Only part of a ReadProcessMemory or WriteProcessMemory request was completed. (0x12B)
[0626/140037.755:WARNING:pe_image_reader.cc(340)] could not read dos header from C:\WINDOWS\SYSTEM32\UIAutomationCore.DLL
[0626/140037.755:ERROR:process_memory_win.cc(73)] ReadMemory at 0x7ffc85a80000 of 64 bytes failed: Only part of a ReadProcessMemory or WriteProcessMemory request was completed. (0x12B)
[0626/140037.755:WARNING:pe_image_reader.cc(340)] could not read dos header from C:\WINDOWS\SYSTEM32\DWrite.dll
[0626/140037.755:ERROR:process_memory_win.cc(73)] ReadMemory at 0x7ffc7afe0000 of 64 bytes failed: Only part of a ReadProcessMemory or WriteProcessMemory request was completed. (0x12B)
[0626/140037.755:WARNING:pe_image_reader.cc(340)] could not read dos header from C:\WINDOWS\SYSTEM32\WINSPOOL.DRV
[0626/140037.755:ERROR:process_memory_win.cc(73)] ReadMemory at 0x7ffc90590000 of 64 bytes failed: Only part of a ReadProcessMemory or WriteProcessMemory request was completed. (0x12B)
[0626/140037.755:WARNING:pe_image_reader.cc(340)] could not read dos header from C:\WINDOWS\System32\kernel.appcore.dll
[0626/140037.755:ERROR:process_memory_win.cc(73)] ReadMemory at 0x7ffc91640000 of 64 bytes failed: Only part of a ReadProcessMemory or WriteProcessMemory request was completed. (0x12B)
[0626/140037.755:WARNING:pe_image_reader.cc(340)] could not read dos header from C:\WINDOWS\System32\bcrypt.dll
[0626/140037.755:ERROR:process_memory_win.cc(73)] ReadMemory at 0x7ffc83fc0000 of 64 bytes failed: Only part of a ReadProcessMemory or WriteProcessMemory request was completed. (0x12B)
[0626/140037.755:WARNING:pe_image_reader.cc(340)] could not read dos header from C:\WINDOWS\SYSTEM32\dbghelp.dll
[0626/140037.756:ERROR:process_memory_win.cc(73)] ReadMemory at 0x7ffc8aff0000 of 64 bytes failed: Only part of a ReadProcessMemory or WriteProcessMemory request was completed. (0x12B)
[0626/140037.756:WARNING:pe_image_reader.cc(340)] could not read dos header from C:\WINDOWS\SYSTEM32\WINHTTP.dll
[0626/140037.756:ERROR:process_memory_win.cc(73)] ReadMemory at 0x7ffc895d0000 of 64 bytes failed: Only part of a ReadProcessMemory or WriteProcessMemory request was completed. (0x12B)
[0626/140037.756:WARNING:pe_image_reader.cc(340)] could not read dos header from C:\WINDOWS\SYSTEM32\dhcpcsvc.DLL
[0626/140037.756:ERROR:process_memory_win.cc(73)] ReadMemory at 0x27dd9cc0000 of 64 bytes failed: Only part of a ReadProcessMemory or WriteProcessMemory request was completed. (0x12B)
[0626/140037.756:WARNING:pe_image_reader.cc(340)] could not read dos header from C:\WINDOWS\System32\NSI.dll
[0626/140037.756:ERROR:process_memory_win.cc(73)] ReadMemory at 0x7ffc8e0a0000 of 64 bytes failed: Only part of a ReadProcessMemory or WriteProcessMemory request was completed. (0x12B)
[0626/140037.756:WARNING:pe_image_reader.cc(340)] could not read dos header from C:\WINDOWS\SYSTEM32\WINMMBASE.dll
[0626/140037.756:ERROR:process_memory_win.cc(73)] ReadMemory at 0x7ffc90650000 of 64 bytes failed: Only part of a ReadProcessMemory or WriteProcessMemory request was completed. (0x12B)
[0626/140037.756:WARNING:pe_image_reader.cc(340)] could not read dos header from C:\WINDOWS\System32\cfgmgr32.dll
[0626/140037.756:ERROR:process_memory_win.cc(73)] ReadMemory at 0x7ffc8cf30000 of 64 bytes failed: Only part of a ReadProcessMemory or WriteProcessMemory request was completed. (0x12B)
[0626/140037.756:WARNING:pe_image_reader.cc(340)] could not read dos header from C:\WINDOWS\SYSTEM32\PROPSYS.dll
[0626/140037.756:ERROR:process_memory_win.cc(73)] ReadMemory at 0x7ffc92660000 of 64 bytes failed: Only part of a ReadProcessMemory or WriteProcessMemory request was completed. (0x12B)
[0626/140037.756:WARNING:pe_image_reader.cc(340)] could not read dos header from C:\WINDOWS\System32\shcore.dll
[0626/140037.756:ERROR:process_memory_win.cc(73)] ReadMemory at 0x7ffc90470000 of 64 bytes failed: Only part of a ReadProcessMemory or WriteProcessMemory request was completed. (0x12B)
[0626/140037.756:WARNING:pe_image_reader.cc(340)] could not read dos header from C:\WINDOWS\SYSTEM32\SSPICLI.DLL
[0626/140037.756:ERROR:process_memory_win.cc(73)] ReadMemory at 0x7ffc91950000 of 64 bytes failed: Only part of a ReadProcessMemory or WriteProcessMemory request was completed. (0x12B)
[0626/140037.756:WARNING:pe_image_reader.cc(340)] could not read dos header from C:\WINDOWS\System32\SHELL32.dll
[0626/140037.756:ERROR:process_memory_win.cc(73)] ReadMemory at 0x7ffc90ab0000 of 64 bytes failed: Only part of a ReadProcessMemory or WriteProcessMemory request was completed. (0x12B)
[0626/140037.756:WARNING:pe_image_reader.cc(340)] could not read dos header from C:\WINDOWS\System32\windows.storage.dll
[0626/140037.756:ERROR:process_memory_win.cc(73)] ReadMemory at 0x7ffc905b0000 of 64 bytes failed: Only part of a ReadProcessMemory or WriteProcessMemory request was completed. (0x12B)
[0626/140037.756:WARNING:pe_image_reader.cc(340)] could not read dos header from C:\WINDOWS\System32\powrprof.dll
[0626/140037.756:ERROR:process_memory_win.cc(73)] ReadMemory at 0x7ffc90580000 of 64 bytes failed: Only part of a ReadProcessMemory or WriteProcessMemory request was completed. (0x12B)
[0626/140037.756:WARNING:pe_image_reader.cc(340)] could not read dos header from C:\WINDOWS\System32\UMPDC.dll
[0626/140037.756:ERROR:process_memory_win.cc(73)] ReadMemory at 0x7ffc918c0000 of 64 bytes failed: Only part of a ReadProcessMemory or WriteProcessMemory request was completed. (0x12B)
[0626/140037.756:WARNING:pe_image_reader.cc(340)] could not read dos header from C:\WINDOWS\System32\shlwapi.dll
[0626/140037.756:ERROR:process_memory_win.cc(73)] ReadMemory at 0x7ffc91920000 of 64 bytes failed: Only part of a ReadProcessMemory or WriteProcessMemory request was completed. (0x12B)
[0626/140037.756:WARNING:pe_image_reader.cc(340)] could not read dos header from C:\WINDOWS\System32\GDI32.dll
[0626/140037.756:ERROR:process_memory_win.cc(73)] ReadMemory at 0x7ffc90a20000 of 64 bytes failed: Only part of a ReadProcessMemory or WriteProcessMemory request was completed. (0x12B)
[0626/140037.756:WARNING:pe_image_reader.cc(340)] could not read dos header from C:\WINDOWS\System32\win32u.dll
[0626/140037.756:ERROR:process_memory_win.cc(73)] ReadMemory at 0x7ffc914a0000 of 64 bytes failed: Only part of a ReadProcessMemory or WriteProcessMemory request was completed. (0x12B)
[0626/140037.757:WARNING:pe_image_reader.cc(340)] could not read dos header from C:\WINDOWS\System32\gdi32full.dll
[0626/140037.757:ERROR:process_memory_win.cc(73)] ReadMemory at 0x27ddb7e0000 of 64 bytes failed: Only part of a ReadProcessMemory or WriteProcessMemory request was completed. (0x12B)
[0626/140037.757:WARNING:pe_image_reader.cc(340)] could not read dos header from C:\WINDOWS\System32\USER32.dll
[0626/140037.757:ERROR:process_memory_win.cc(73)] ReadMemory at 0x7ffc90750000 of 64 bytes failed: Only part of a ReadProcessMemory or WriteProcessMemory request was completed. (0x12B)
[0626/140037.757:WARNING:pe_image_reader.cc(340)] could not read dos header from C:\WINDOWS\System32\cryptsp.dll
[0626/140037.757:ERROR:process_memory_win.cc(73)] ReadMemory at 0x7ffc92fd0000 of 64 bytes failed: Only part of a ReadProcessMemory or WriteProcessMemory request was completed. (0x12B)
[0626/140037.757:WARNING:pe_image_reader.cc(340)] could not read dos header from C:\WINDOWS\System32\IMM32.DLL
[0626/140037.757:ERROR:process_memory_win.cc(73)] ReadMemory at 0x7ffc8ffc0000 of 64 bytes failed: Only part of a ReadProcessMemory or WriteProcessMemory request was completed. (0x12B)
[0626/140037.757:WARNING:pe_image_reader.cc(340)] could not read dos header from C:\WINDOWS\SYSTEM32\CRYPTBASE.DLL
[0626/140037.762:ERROR:process_memory_win.cc(73)] ReadMemory at 0x7ff7b2050000 of 64 bytes failed: Only part of a ReadProcessMemory or WriteProcessMemory request was completed. (0x12B)
[0626/140037.762:WARNING:pe_image_reader.cc(340)] could not read dos header from C:\Program Files (x86)\Google\Chrome\Application\chrome.exe
[0626/140037.762:ERROR:process_memory_win.cc(73)] ReadMemory at 0x7ffc936c0000 of 64 bytes failed: Only part of a ReadProcessMemory or WriteProcessMemory request was completed. (0x12B)
[0626/140037.762:WARNING:pe_image_reader.cc(340)] could not read dos header from C:\WINDOWS\SYSTEM32\ntdll.dll
[0626/140037.762:ERROR:process_memory_win.cc(73)] ReadMemory at 0x7ffc92c00000 of 64 bytes failed: Only part of a ReadProcessMemory or WriteProcessMemory request was completed. (0x12B)
[0626/140037.762:WARNING:pe_image_reader.cc(340)] could not read dos header from C:\WINDOWS\System32\KERNEL32.DLL
[0626/140037.762:ERROR:process_memory_win.cc(73)] ReadMemory at 0x7ffc90770000 of 64 bytes failed: Only part of a ReadProcessMemory or WriteProcessMemory request was completed. (0x12B)
[0626/140037.762:WARNING:pe_image_reader.cc(340)] could not read dos header from C:\WINDOWS\System32\KERNELBASE.dll
[0626/140037.762:ERROR:process_memory_win.cc(73)] ReadMemory at 0x7ffc57380000 of 64 bytes failed: Only part of a ReadProcessMemory or WriteProcessMemory request was completed. (0x12B)
[0626/140037.762:WARNING:pe_image_reader.cc(340)] could not read dos header from C:\Program Files (x86)\Google\Chrome\Application\83.0.4103.116\chrome_elf.dll
[0626/140037.762:ERROR:process_memory_win.cc(73)] ReadMemory at 0x7ffc81730000 of 64 bytes failed: Only part of a ReadProcessMemory or WriteProcessMemory request was completed. (0x12B)
[0626/140037.762:WARNING:pe_image_reader.cc(340)] could not read dos header from C:\WINDOWS\SYSTEM32\VERSION.dll
[0626/140037.762:ERROR:process_memory_win.cc(73)] ReadMemory at 0x7ffc92d40000 of 64 bytes failed: Only part of a ReadProcessMemory or WriteProcessMemory request was completed. (0x12B)
[0626/140037.762:WARNING:pe_image_reader.cc(340)] could not read dos header from C:\WINDOWS\System32\msvcrt.dll
[0626/140037.762:ERROR:process_memory_win.cc(73)] ReadMemory at 0x7ffc912d0000 of 64 bytes failed: Only part of a ReadProcessMemory or WriteProcessMemory request was completed. (0x12B)
[0626/140037.762:WARNING:pe_image_reader.cc(340)] could not read dos header from C:\WINDOWS\System32\bcryptPrimitives.dll
[0626/140037.762:ERROR:process_memory_win.cc(73)] ReadMemory at 0x7ffc92710000 of 64 bytes failed: Only part of a ReadProcessMemory or WriteProcessMemory request was completed. (0x12B)
[0626/140037.762:WARNING:pe_image_reader.cc(340)] could not read dos header from C:\WINDOWS\System32\ADVAPI32.dll
[0626/140037.762:ERROR:process_memory_win.cc(73)] ReadMemory at 0x7ffc92b00000 of 64 bytes failed: Only part of a ReadProcessMemory or WriteProcessMemory request was completed. (0x12B)
[0626/140037.762:WARNING:pe_image_reader.cc(340)] could not read dos header from C:\WINDOWS\System32\sechost.dll
[0626/140037.762:ERROR:process_memory_win.cc(73)] ReadMemory at 0x7ffc93560000 of 64 bytes failed: Only part of a ReadProcessMemory or WriteProcessMemory request was completed. (0x12B)
[0626/140037.763:WARNING:pe_image_reader.cc(340)] could not read dos header from C:\WINDOWS\System32\RPCRT4.dll
[0626/140037.763:ERROR:process_memory_win.cc(73)] ReadMemory at 0x7ffc4f310000 of 64 bytes failed: Only part of a ReadProcessMemory or WriteProcessMemory request was completed. (0x12B)
[0626/140037.763:WARNING:pe_image_reader.cc(340)] could not read dos header from C:\Program Files (x86)\Google\Chrome\Application\83.0.4103.116\chrome.dll
[0626/140037.763:ERROR:process_memory_win.cc(73)] ReadMemory at 0x7ffc934f0000 of 64 bytes failed: Only part of a ReadProcessMemory or WriteProcessMemory request was completed. (0x12B)
[0626/140037.763:WARNING:pe_image_reader.cc(340)] could not read dos header from C:\WINDOWS\System32\WS2_32.dll
[0626/140037.763:ERROR:process_memory_win.cc(73)] ReadMemory at 0x7ffc91770000 of 64 bytes failed: Only part of a ReadProcessMemory or WriteProcessMemory request was completed. (0x12B)
[0626/140037.763:WARNING:pe_image_reader.cc(340)] could not read dos header from C:\WINDOWS\System32\OLEAUT32.dll
[0626/140037.763:ERROR:process_memory_win.cc(73)] ReadMemory at 0x7ffc91230000 of 64 bytes failed: Only part of a ReadProcessMemory or WriteProcessMemory request was completed. (0x12B)
[0626/140037.763:WARNING:pe_image_reader.cc(340)] could not read dos header from C:\WINDOWS\System32\msvcp_win.dll
[0626/140037.763:ERROR:process_memory_win.cc(73)] ReadMemory at 0x7ffc91670000 of 64 bytes failed: Only part of a ReadProcessMemory or WriteProcessMemory request was completed. (0x12B)
[0626/140037.763:WARNING:pe_image_reader.cc(340)] could not read dos header from C:\WINDOWS\System32\ucrtbase.dll
[0626/140037.763:ERROR:process_memory_win.cc(73)] ReadMemory at 0x7ffc931b0000 of 64 bytes failed: Only part of a ReadProcessMemory or WriteProcessMemory request was completed. (0x12B)
[0626/140037.763:WARNING:pe_image_reader.cc(340)] could not read dos header from C:\WINDOWS\System32\combase.dll
[0626/140037.763:ERROR:process_memory_win.cc(73)] ReadMemory at 0x7ffc90a50000 of 64 bytes failed: Only part of a ReadProcessMemory or WriteProcessMemory request was completed. (0x12B)
[0626/140037.763:WARNING:pe_image_reader.cc(340)] could not read dos header from C:\WINDOWS\System32\WINTRUST.dll
[0626/140037.763:ERROR:process_memory_win.cc(73)] ReadMemory at 0x7ffc90630000 of 64 bytes failed: Only part of a ReadProcessMemory or WriteProcessMemory request was completed. (0x12B)
[0626/140037.763:WARNING:pe_image_reader.cc(340)] could not read dos header from C:\WINDOWS\System32\MSASN1.dll
[0626/140037.763:ERROR:process_memory_win.cc(73)] ReadMemory at 0x7ffc91350000 of 64 bytes failed: Only part of a ReadProcessMemory or WriteProcessMemory request was completed. (0x12B)
[0626/140037.763:WARNING:pe_image_reader.cc(340)] could not read dos header from C:\WINDOWS\System32\CRYPT32.dll
[0626/140037.763:ERROR:process_memory_win.cc(73)] ReadMemory at 0x7ffc8faa0000 of 64 bytes failed: Only part of a ReadProcessMemory or WriteProcessMemory request was completed. (0x12B)
[0626/140037.763:WARNING:pe_image_reader.cc(340)] could not read dos header from C:\WINDOWS\SYSTEM32\IPHLPAPI.DLL
[0626/140037.763:ERROR:process_memory_win.cc(73)] ReadMemory at 0x7ffc8e520000 of 64 bytes failed: Only part of a ReadProcessMemory or WriteProcessMemory request was completed. (0x12B)
[0626/140037.763:WARNING:pe_image_reader.cc(340)] could not read dos header from C:\WINDOWS\SYSTEM32\WINMM.dll
[0626/140037.763:ERROR:process_memory_win.cc(73)] ReadMemory at 0x7ffc80630000 of 64 bytes failed: Only part of a ReadProcessMemory or WriteProcessMemory request was completed. (0x12B)
[0626/140037.763:WARNING:pe_image_reader.cc(340)] could not read dos header from C:\WINDOWS\SYSTEM32\Secur32.dll
[0626/140037.763:ERROR:process_memory_win.cc(73)] ReadMemory at 0x7ffc904a0000 of 64 bytes failed: Only part of a ReadProcessMemory or WriteProcessMemory request was completed. (0x12B)
[0626/140037.763:WARNING:pe_image_reader.cc(340)] could not read dos header from C:\WINDOWS\SYSTEM32\USERENV.dll
[0626/140037.763:ERROR:process_memory_win.cc(73)] ReadMemory at 0x7ffc90600000 of 64 bytes failed: Only part of a ReadProcessMemory or WriteProcessMemory request was completed. (0x12B)
[0626/140037.763:WARNING:pe_image_reader.cc(340)] could not read dos header from C:\WINDOWS\System32\profapi.dll
[0626/140037.763:ERROR:process_memory_win.cc(73)] ReadMemory at 0x7ffc73e60000 of 64 bytes failed: Only part of a ReadProcessMemory or WriteProcessMemory request was completed. (0x12B)
[0626/140037.763:WARNING:pe_image_reader.cc(340)] could not read dos header from C:\WINDOWS\SYSTEM32\UIAutomationCore.DLL
[0626/140037.763:ERROR:process_memory_win.cc(73)] ReadMemory at 0x7ffc85a80000 of 64 bytes failed: Only part of a ReadProcessMemory or WriteProcessMemory request was completed. (0x12B)
[0626/140037.763:WARNING:pe_image_reader.cc(340)] could not read dos header from C:\WINDOWS\SYSTEM32\DWrite.dll
[0626/140037.763:ERROR:process_memory_win.cc(73)] ReadMemory at 0x7ffc7afe0000 of 64 bytes failed: Only part of a ReadProcessMemory or WriteProcessMemory request was completed. (0x12B)
[0626/140037.763:WARNING:pe_image_reader.cc(340)] could not read dos header from C:\WINDOWS\SYSTEM32\WINSPOOL.DRV
[0626/140037.763:ERROR:process_memory_win.cc(73)] ReadMemory at 0x7ffc90590000 of 64 bytes failed: Only part of a ReadProcessMemory or WriteProcessMemory request was completed. (0x12B)
[0626/140037.763:WARNING:pe_image_reader.cc(340)] could not read dos header from C:\WINDOWS\System32\kernel.appcore.dll
[0626/140037.763:ERROR:process_memory_win.cc(73)] ReadMemory at 0x7ffc91640000 of 64 bytes failed: Only part of a ReadProcessMemory or WriteProcessMemory request was completed. (0x12B)
[0626/140037.763:WARNING:pe_image_reader.cc(340)] could not read dos header from C:\WINDOWS\System32\bcrypt.dll
[0626/140037.763:ERROR:process_memory_win.cc(73)] ReadMemory at 0x7ffc83fc0000 of 64 bytes failed: Only part of a ReadProcessMemory or WriteProcessMemory request was completed. (0x12B)
[0626/140037.763:WARNING:pe_image_reader.cc(340)] could not read dos header from C:\WINDOWS\SYSTEM32\dbghelp.dll
[0626/140037.763:ERROR:process_memory_win.cc(73)] ReadMemory at 0x7ffc8aff0000 of 64 bytes failed: Only part of a ReadProcessMemory or WriteProcessMemory request was completed. (0x12B)
[0626/140037.763:WARNING:pe_image_reader.cc(340)] could not read dos header from C:\WINDOWS\SYSTEM32\WINHTTP.dll
[0626/140037.763:ERROR:process_memory_win.cc(73)] ReadMemory at 0x7ffc895d0000 of 64 bytes failed: Only part of a ReadProcessMemory or WriteProcessMemory request was completed. (0x12B)
[0626/140037.764:WARNING:pe_image_reader.cc(340)] could not read dos header from C:\WINDOWS\SYSTEM32\dhcpcsvc.DLL
[0626/140037.764:ERROR:process_memory_win.cc(73)] ReadMemory at 0x27dd9cc0000 of 64 bytes failed: Only part of a ReadProcessMemory or WriteProcessMemory request was completed. (0x12B)
[0626/140037.764:WARNING:pe_image_reader.cc(340)] could not read dos header from C:\WINDOWS\System32\NSI.dll
[0626/140037.764:ERROR:process_memory_win.cc(73)] ReadMemory at 0x7ffc8e0a0000 of 64 bytes failed: Only part of a ReadProcessMemory or WriteProcessMemory request was completed. (0x12B)
[0626/140037.764:WARNING:pe_image_reader.cc(340)] could not read dos header from C:\WINDOWS\SYSTEM32\WINMMBASE.dll
[0626/140037.764:ERROR:process_memory_win.cc(73)] ReadMemory at 0x7ffc90650000 of 64 bytes failed: Only part of a ReadProcessMemory or WriteProcessMemory request was completed. (0x12B)
[0626/140037.764:WARNING:pe_image_reader.cc(340)] could not read dos header from C:\WINDOWS\System32\cfgmgr32.dll
[0626/140037.764:ERROR:process_memory_win.cc(73)] ReadMemory at 0x7ffc8cf30000 of 64 bytes failed: Only part of a ReadProcessMemory or WriteProcessMemory request was completed. (0x12B)
[0626/140037.764:WARNING:pe_image_reader.cc(340)] could not read dos header from C:\WINDOWS\SYSTEM32\PROPSYS.dll
[0626/140037.764:ERROR:process_memory_win.cc(73)] ReadMemory at 0x7ffc92660000 of 64 bytes failed: Only part of a ReadProcessMemory or WriteProcessMemory request was completed. (0x12B)
[0626/140037.764:WARNING:pe_image_reader.cc(340)] could not read dos header from C:\WINDOWS\System32\shcore.dll
[0626/140037.764:ERROR:process_memory_win.cc(73)] ReadMemory at 0x7ffc90470000 of 64 bytes failed: Only part of a ReadProcessMemory or WriteProcessMemory request was completed. (0x12B)
[0626/140037.764:WARNING:pe_image_reader.cc(340)] could not read dos header from C:\WINDOWS\SYSTEM32\SSPICLI.DLL
[0626/140037.764:ERROR:process_memory_win.cc(73)] ReadMemory at 0x7ffc91950000 of 64 bytes failed: Only part of a ReadProcessMemory or WriteProcessMemory request was completed. (0x12B)
[0626/140037.764:WARNING:pe_image_reader.cc(340)] could not read dos header from C:\WINDOWS\System32\SHELL32.dll
[0626/140037.764:ERROR:process_memory_win.cc(73)] ReadMemory at 0x7ffc90ab0000 of 64 bytes failed: Only part of a ReadProcessMemory or WriteProcessMemory request was completed. (0x12B)
[0626/140037.764:WARNING:pe_image_reader.cc(340)] could not read dos header from C:\WINDOWS\System32\windows.storage.dll
[0626/140037.764:ERROR:process_memory_win.cc(73)] ReadMemory at 0x7ffc905b0000 of 64 bytes failed: Only part of a ReadProcessMemory or WriteProcessMemory request was completed. (0x12B)
[0626/140037.764:WARNING:pe_image_reader.cc(340)] could not read dos header from C:\WINDOWS\System32\powrprof.dll
[0626/140037.764:ERROR:process_memory_win.cc(73)] ReadMemory at 0x7ffc90580000 of 64 bytes failed: Only part of a ReadProcessMemory or WriteProcessMemory request was completed. (0x12B)
[0626/140037.764:WARNING:pe_image_reader.cc(340)] could not read dos header from C:\WINDOWS\System32\UMPDC.dll
[0626/140037.764:ERROR:process_memory_win.cc(73)] ReadMemory at 0x7ffc918c0000 of 64 bytes failed: Only part of a ReadProcessMemory or WriteProcessMemory request was completed. (0x12B)
[0626/140037.764:WARNING:pe_image_reader.cc(340)] could not read dos header from C:\WINDOWS\System32\shlwapi.dll
[0626/140037.764:ERROR:process_memory_win.cc(73)] ReadMemory at 0x7ffc91920000 of 64 bytes failed: Only part of a ReadProcessMemory or WriteProcessMemory request was completed. (0x12B)
[0626/140037.764:WARNING:pe_image_reader.cc(340)] could not read dos header from C:\WINDOWS\System32\GDI32.dll
[0626/140037.764:ERROR:process_memory_win.cc(73)] ReadMemory at 0x7ffc90a20000 of 64 bytes failed: Only part of a ReadProcessMemory or WriteProcessMemory request was completed. (0x12B)
[0626/140037.764:WARNING:pe_image_reader.cc(340)] could not read dos header from C:\WINDOWS\System32\win32u.dll
[0626/140037.764:ERROR:process_memory_win.cc(73)] ReadMemory at 0x7ffc914a0000 of 64 bytes failed: Only part of a ReadProcessMemory or WriteProcessMemory request was completed. (0x12B)
[0626/140037.764:WARNING:pe_image_reader.cc(340)] could not read dos header from C:\WINDOWS\System32\gdi32full.dll
[0626/140037.764:ERROR:process_memory_win.cc(73)] ReadMemory at 0x27ddb7e0000 of 64 bytes failed: Only part of a ReadProcessMemory or WriteProcessMemory request was completed. (0x12B)
[0626/140037.764:WARNING:pe_image_reader.cc(340)] could not read dos header from C:\WINDOWS\System32\USER32.dll
[0626/140037.764:ERROR:process_memory_win.cc(73)] ReadMemory at 0x7ffc90750000 of 64 bytes failed: Only part of a ReadProcessMemory or WriteProcessMemory request was completed. (0x12B)
[0626/140037.764:WARNING:pe_image_reader.cc(340)] could not read dos header from C:\WINDOWS\System32\cryptsp.dll
[0626/140037.764:ERROR:process_memory_win.cc(73)] ReadMemory at 0x7ffc92fd0000 of 64 bytes failed: Only part of a ReadProcessMemory or WriteProcessMemory request was completed. (0x12B)
[0626/140037.764:WARNING:pe_image_reader.cc(340)] could not read dos header from C:\WINDOWS\System32\IMM32.DLL
[0626/140037.764:ERROR:process_memory_win.cc(73)] ReadMemory at 0x7ffc8ffc0000 of 64 bytes failed: Only part of a ReadProcessMemory or WriteProcessMemory request was completed. (0x12B)
[0626/140037.764:WARNING:pe_image_reader.cc(340)] could not read dos header from C:\WINDOWS\SYSTEM32\CRYPTBASE.DLL
[0626/140037.764:ERROR:process_memory_win.cc(73)] ReadMemory at 0x7ff7b2050000 of 64 bytes failed: Only part of a ReadProcessMemory or WriteProcessMemory request was completed. (0x12B)
[0626/140037.764:WARNING:pe_image_reader.cc(340)] could not read dos header from C:\Program Files (x86)\Google\Chrome\Application\chrome.exe
[0626/140037.764:ERROR:process_memory_win.cc(73)] ReadMemory at 0x7ffc936c0000 of 64 bytes failed: Only part of a ReadProcessMemory or WriteProcessMemory request was completed. (0x12B)
[0626/140037.764:WARNING:pe_image_reader.cc(340)] could not read dos header from C:\WINDOWS\SYSTEM32\ntdll.dll
[0626/140037.765:ERROR:process_memory_win.cc(73)] ReadMemory at 0x7ffc92c00000 of 64 bytes failed: Only part of a ReadProcessMemory or WriteProcessMemory request was completed. (0x12B)
[0626/140037.765:WARNING:pe_image_reader.cc(340)] could not read dos header from C:\WINDOWS\System32\KERNEL32.DLL
[0626/140037.765:ERROR:process_memory_win.cc(73)] ReadMemory at 0x7ffc90770000 of 64 bytes failed: Only part of a ReadProcessMemory or WriteProcessMemory request was completed. (0x12B)
[0626/140037.765:WARNING:pe_image_reader.cc(340)] could not read dos header from C:\WINDOWS\System32\KERNELBASE.dll
[0626/140037.765:ERROR:process_memory_win.cc(73)] ReadMemory at 0x7ffc57380000 of 64 bytes failed: Only part of a ReadProcessMemory or WriteProcessMemory request was completed. (0x12B)
[0626/140037.765:WARNING:pe_image_reader.cc(340)] could not read dos header from C:\Program Files (x86)\Google\Chrome\Application\83.0.4103.116\chrome_elf.dll
[0626/140037.765:ERROR:process_memory_win.cc(73)] ReadMemory at 0x7ffc81730000 of 64 bytes failed: Only part of a ReadProcessMemory or WriteProcessMemory request was completed. (0x12B)
[0626/140037.765:WARNING:pe_image_reader.cc(340)] could not read dos header from C:\WINDOWS\SYSTEM32\VERSION.dll
[0626/140037.765:ERROR:process_memory_win.cc(73)] ReadMemory at 0x7ffc92d40000 of 64 bytes failed: Only part of a ReadProcessMemory or WriteProcessMemory request was completed. (0x12B)
[0626/140037.765:WARNING:pe_image_reader.cc(340)] could not read dos header from C:\WINDOWS\System32\msvcrt.dll
[0626/140037.765:ERROR:process_memory_win.cc(73)] ReadMemory at 0x7ffc912d0000 of 64 bytes failed: Only part of a ReadProcessMemory or WriteProcessMemory request was completed. (0x12B)
[0626/140037.765:WARNING:pe_image_reader.cc(340)] could not read dos header from C:\WINDOWS\System32\bcryptPrimitives.dll
[0626/140037.765:ERROR:process_memory_win.cc(73)] ReadMemory at 0x7ffc92710000 of 64 bytes failed: Only part of a ReadProcessMemory or WriteProcessMemory request was completed. (0x12B)
[0626/140037.765:WARNING:pe_image_reader.cc(340)] could not read dos header from C:\WINDOWS\System32\ADVAPI32.dll
[0626/140037.765:ERROR:process_memory_win.cc(73)] ReadMemory at 0x7ffc92b00000 of 64 bytes failed: Only part of a ReadProcessMemory or WriteProcessMemory request was completed. (0x12B)
[0626/140037.765:WARNING:pe_image_reader.cc(340)] could not read dos header from C:\WINDOWS\System32\sechost.dll
[0626/140037.765:ERROR:process_memory_win.cc(73)] ReadMemory at 0x7ffc93560000 of 64 bytes failed: Only part of a ReadProcessMemory or WriteProcessMemory request was completed. (0x12B)
[0626/140037.765:WARNING:pe_image_reader.cc(340)] could not read dos header from C:\WINDOWS\System32\RPCRT4.dll
[0626/140037.765:ERROR:process_memory_win.cc(73)] ReadMemory at 0x7ffc4f310000 of 64 bytes failed: Only part of a ReadProcessMemory or WriteProcessMemory request was completed. (0x12B)
[0626/140037.765:WARNING:pe_image_reader.cc(340)] could not read dos header from C:\Program Files (x86)\Google\Chrome\Application\83.0.4103.116\chrome.dll
[0626/140037.765:ERROR:process_memory_win.cc(73)] ReadMemory at 0x7ffc934f0000 of 64 bytes failed: Only part of a ReadProcessMemory or WriteProcessMemory request was completed. (0x12B)
[0626/140037.765:WARNING:pe_image_reader.cc(340)] could not read dos header from C:\WINDOWS\System32\WS2_32.dll
[0626/140037.765:ERROR:process_memory_win.cc(73)] ReadMemory at 0x7ffc91770000 of 64 bytes failed: Only part of a ReadProcessMemory or WriteProcessMemory request was completed. (0x12B)
[0626/140037.765:WARNING:pe_image_reader.cc(340)] could not read dos header from C:\WINDOWS\System32\OLEAUT32.dll
[0626/140037.765:ERROR:process_memory_win.cc(73)] ReadMemory at 0x7ffc91230000 of 64 bytes failed: Only part of a ReadProcessMemory or WriteProcessMemory request was completed. (0x12B)
[0626/140037.765:WARNING:pe_image_reader.cc(340)] could not read dos header from C:\WINDOWS\System32\msvcp_win.dll
[0626/140037.765:ERROR:process_memory_win.cc(73)] ReadMemory at 0x7ffc91670000 of 64 bytes failed: Only part of a ReadProcessMemory or WriteProcessMemory request was completed. (0x12B)
[0626/140037.765:WARNING:pe_image_reader.cc(340)] could not read dos header from C:\WINDOWS\System32\ucrtbase.dll
[0626/140037.765:ERROR:process_memory_win.cc(73)] ReadMemory at 0x7ffc931b0000 of 64 bytes failed: Only part of a ReadProcessMemory or WriteProcessMemory request was completed. (0x12B)
[0626/140037.765:WARNING:pe_image_reader.cc(340)] could not read dos header from C:\WINDOWS\System32\combase.dll
[0626/140037.765:ERROR:process_memory_win.cc(73)] ReadMemory at 0x7ffc90a50000 of 64 bytes failed: Only part of a ReadProcessMemory or WriteProcessMemory request was completed. (0x12B)
[0626/140037.765:WARNING:pe_image_reader.cc(340)] could not read dos header from C:\WINDOWS\System32\WINTRUST.dll
[0626/140037.765:ERROR:process_memory_win.cc(73)] ReadMemory at 0x7ffc90630000 of 64 bytes failed: Only part of a ReadProcessMemory or WriteProcessMemory request was completed. (0x12B)
[0626/140037.765:WARNING:pe_image_reader.cc(340)] could not read dos header from C:\WINDOWS\System32\MSASN1.dll
[0626/140037.765:ERROR:process_memory_win.cc(73)] ReadMemory at 0x7ffc91350000 of 64 bytes failed: Only part of a ReadProcessMemory or WriteProcessMemory request was completed. (0x12B)
[0626/140037.765:WARNING:pe_image_reader.cc(340)] could not read dos header from C:\WINDOWS\System32\CRYPT32.dll
[0626/140037.765:ERROR:process_memory_win.cc(73)] ReadMemory at 0x7ffc8faa0000 of 64 bytes failed: Only part of a ReadProcessMemory or WriteProcessMemory request was completed. (0x12B)
[0626/140037.765:WARNING:pe_image_reader.cc(340)] could not read dos header from C:\WINDOWS\SYSTEM32\IPHLPAPI.DLL
[0626/140037.765:ERROR:process_memory_win.cc(73)] ReadMemory at 0x7ffc8e520000 of 64 bytes failed: Only part of a ReadProcessMemory or WriteProcessMemory request was completed. (0x12B)
[0626/140037.765:WARNING:pe_image_reader.cc(340)] could not read dos header from C:\WINDOWS\SYSTEM32\WINMM.dll
[0626/140037.765:ERROR:process_memory_win.cc(73)] ReadMemory at 0x7ffc80630000 of 64 bytes failed: Only part of a ReadProcessMemory or WriteProcessMemory request was completed. (0x12B)
[0626/140037.765:WARNING:pe_image_reader.cc(340)] could not read dos header from C:\WINDOWS\SYSTEM32\Secur32.dll
[0626/140037.765:ERROR:process_memory_win.cc(73)] ReadMemory at 0x7ffc904a0000 of 64 bytes failed: Only part of a ReadProcessMemory or WriteProcessMemory request was completed. (0x12B)
[0626/140037.765:WARNING:pe_image_reader.cc(340)] could not read dos header from C:\WINDOWS\SYSTEM32\USERENV.dll
[0626/140037.766:ERROR:process_memory_win.cc(73)] ReadMemory at 0x7ffc90600000 of 64 bytes failed: Only part of a ReadProcessMemory or WriteProcessMemory request was completed. (0x12B)
[0626/140037.766:WARNING:pe_image_reader.cc(340)] could not read dos header from C:\WINDOWS\System32\profapi.dll
[0626/140037.766:ERROR:process_memory_win.cc(73)] ReadMemory at 0x7ffc73e60000 of 64 bytes failed: Only part of a ReadProcessMemory or WriteProcessMemory request was completed. (0x12B)
[0626/140037.766:WARNING:pe_image_reader.cc(340)] could not read dos header from C:\WINDOWS\SYSTEM32\UIAutomationCore.DLL
[0626/140037.766:ERROR:process_memory_win.cc(73)] ReadMemory at 0x7ffc85a80000 of 64 bytes failed: Only part of a ReadProcessMemory or WriteProcessMemory request was completed. (0x12B)
[0626/140037.766:WARNING:pe_image_reader.cc(340)] could not read dos header from C:\WINDOWS\SYSTEM32\DWrite.dll
[0626/140037.766:ERROR:process_memory_win.cc(73)] ReadMemory at 0x7ffc7afe0000 of 64 bytes failed: Only part of a ReadProcessMemory or WriteProcessMemory request was completed. (0x12B)
[0626/140037.766:WARNING:pe_image_reader.cc(340)] could not read dos header from C:\WINDOWS\SYSTEM32\WINSPOOL.DRV
[0626/140037.766:ERROR:process_memory_win.cc(73)] ReadMemory at 0x7ffc90590000 of 64 bytes failed: Only part of a ReadProcessMemory or WriteProcessMemory request was completed. (0x12B)
[0626/140037.766:WARNING:pe_image_reader.cc(340)] could not read dos header from C:\WINDOWS\System32\kernel.appcore.dll
[0626/140037.766:ERROR:process_memory_win.cc(73)] ReadMemory at 0x7ffc91640000 of 64 bytes failed: Only part of a ReadProcessMemory or WriteProcessMemory request was completed. (0x12B)
[0626/140037.766:WARNING:pe_image_reader.cc(340)] could not read dos header from C:\WINDOWS\System32\bcrypt.dll
[0626/140037.766:ERROR:process_memory_win.cc(73)] ReadMemory at 0x7ffc83fc0000 of 64 bytes failed: Only part of a ReadProcessMemory or WriteProcessMemory request was completed. (0x12B)
[0626/140037.766:WARNING:pe_image_reader.cc(340)] could not read dos header from C:\WINDOWS\SYSTEM32\dbghelp.dll
[0626/140037.766:ERROR:process_memory_win.cc(73)] ReadMemory at 0x7ffc8aff0000 of 64 bytes failed: Only part of a ReadProcessMemory or WriteProcessMemory request was completed. (0x12B)
[0626/140037.766:WARNING:pe_image_reader.cc(340)] could not read dos header from C:\WINDOWS\SYSTEM32\WINHTTP.dll
[0626/140037.766:ERROR:process_memory_win.cc(73)] ReadMemory at 0x7ffc895d0000 of 64 bytes failed: Only part of a ReadProcessMemory or WriteProcessMemory request was completed. (0x12B)
[0626/140037.766:WARNING:pe_image_reader.cc(340)] could not read dos header from C:\WINDOWS\SYSTEM32\dhcpcsvc.DLL
[0626/140037.766:ERROR:process_memory_win.cc(73)] ReadMemory at 0x27dd9cc0000 of 64 bytes failed: Only part of a ReadProcessMemory or WriteProcessMemory request was completed. (0x12B)
[0626/140037.766:WARNING:pe_image_reader.cc(340)] could not read dos header from C:\WINDOWS\System32\NSI.dll
[0626/140037.766:ERROR:process_memory_win.cc(73)] ReadMemory at 0x7ffc8e0a0000 of 64 bytes failed: Only part of a ReadProcessMemory or WriteProcessMemory request was completed. (0x12B)
[0626/140037.766:WARNING:pe_image_reader.cc(340)] could not read dos header from C:\WINDOWS\SYSTEM32\WINMMBASE.dll
[0626/140037.766:ERROR:process_memory_win.cc(73)] ReadMemory at 0x7ffc90650000 of 64 bytes failed: Only part of a ReadProcessMemory or WriteProcessMemory request was completed. (0x12B)
[0626/140037.766:WARNING:pe_image_reader.cc(340)] could not read dos header from C:\WINDOWS\System32\cfgmgr32.dll
[0626/140037.766:ERROR:process_memory_win.cc(73)] ReadMemory at 0x7ffc8cf30000 of 64 bytes failed: Only part of a ReadProcessMemory or WriteProcessMemory request was completed. (0x12B)
[0626/140037.766:WARNING:pe_image_reader.cc(340)] could not read dos header from C:\WINDOWS\SYSTEM32\PROPSYS.dll
[0626/140037.766:ERROR:process_memory_win.cc(73)] ReadMemory at 0x7ffc92660000 of 64 bytes failed: Only part of a ReadProcessMemory or WriteProcessMemory request was completed. (0x12B)
[0626/140037.766:WARNING:pe_image_reader.cc(340)] could not read dos header from C:\WINDOWS\System32\shcore.dll
[0626/140037.766:ERROR:process_memory_win.cc(73)] ReadMemory at 0x7ffc90470000 of 64 bytes failed: Only part of a ReadProcessMemory or WriteProcessMemory request was completed. (0x12B)
[0626/140037.766:WARNING:pe_image_reader.cc(340)] could not read dos header from C:\WINDOWS\SYSTEM32\SSPICLI.DLL
[0626/140037.766:ERROR:process_memory_win.cc(73)] ReadMemory at 0x7ffc91950000 of 64 bytes failed: Only part of a ReadProcessMemory or WriteProcessMemory request was completed. (0x12B)
[0626/140037.766:WARNING:pe_image_reader.cc(340)] could not read dos header from C:\WINDOWS\System32\SHELL32.dll
[0626/140037.766:ERROR:process_memory_win.cc(73)] ReadMemory at 0x7ffc90ab0000 of 64 bytes failed: Only part of a ReadProcessMemory or WriteProcessMemory request was completed. (0x12B)
[0626/140037.766:WARNING:pe_image_reader.cc(340)] could not read dos header from C:\WINDOWS\System32\windows.storage.dll
[0626/140037.766:ERROR:process_memory_win.cc(73)] ReadMemory at 0x7ffc905b0000 of 64 bytes failed: Only part of a ReadProcessMemory or WriteProcessMemory request was completed. (0x12B)
[0626/140037.766:WARNING:pe_image_reader.cc(340)] could not read dos header from C:\WINDOWS\System32\powrprof.dll
[0626/140037.766:ERROR:process_memory_win.cc(73)] ReadMemory at 0x7ffc90580000 of 64 bytes failed: Only part of a ReadProcessMemory or WriteProcessMemory request was completed. (0x12B)
[0626/140037.766:WARNING:pe_image_reader.cc(340)] could not read dos header from C:\WINDOWS\System32\UMPDC.dll
[0626/140037.766:ERROR:process_memory_win.cc(73)] ReadMemory at 0x7ffc918c0000 of 64 bytes failed: Only part of a ReadProcessMemory or WriteProcessMemory request was completed. (0x12B)
[0626/140037.766:WARNING:pe_image_reader.cc(340)] could not read dos header from C:\WINDOWS\System32\shlwapi.dll
[0626/140037.766:ERROR:process_memory_win.cc(73)] ReadMemory at 0x7ffc91920000 of 64 bytes failed: Only part of a ReadProcessMemory or WriteProcessMemory request was completed. (0x12B)
[0626/140037.766:WARNING:pe_image_reader.cc(340)] could not read dos header from C:\WINDOWS\System32\GDI32.dll
[0626/140037.766:ERROR:process_memory_win.cc(73)] ReadMemory at 0x7ffc90a20000 of 64 bytes failed: Only part of a ReadProcessMemory or WriteProcessMemory request was completed. (0x12B)
[0626/140037.766:WARNING:pe_image_reader.cc(340)] could not read dos header from C:\WINDOWS\System32\win32u.dll
[0626/140037.767:ERROR:process_memory_win.cc(73)] ReadMemory at 0x7ffc914a0000 of 64 bytes failed: Only part of a ReadProcessMemory or WriteProcessMemory request was completed. (0x12B)
[0626/140037.767:WARNING:pe_image_reader.cc(340)] could not read dos header from C:\WINDOWS\System32\gdi32full.dll
[0626/140037.767:ERROR:process_memory_win.cc(73)] ReadMemory at 0x27ddb7e0000 of 64 bytes failed: Only part of a ReadProcessMemory or WriteProcessMemory request was completed. (0x12B)
[0626/140037.767:WARNING:pe_image_reader.cc(340)] could not read dos header from C:\WINDOWS\System32\USER32.dll
[0626/140037.767:ERROR:process_memory_win.cc(73)] ReadMemory at 0x7ffc90750000 of 64 bytes failed: Only part of a ReadProcessMemory or WriteProcessMemory request was completed. (0x12B)
[0626/140037.767:WARNING:pe_image_reader.cc(340)] could not read dos header from C:\WINDOWS\System32\cryptsp.dll
[0626/140037.767:ERROR:process_memory_win.cc(73)] ReadMemory at 0x7ffc92fd0000 of 64 bytes failed: Only part of a ReadProcessMemory or WriteProcessMemory request was completed. (0x12B)
[0626/140037.767:WARNING:pe_image_reader.cc(340)] could not read dos header from C:\WINDOWS\System32\IMM32.DLL
[0626/140037.767:ERROR:process_memory_win.cc(73)] ReadMemory at 0x7ffc8ffc0000 of 64 bytes failed: Only part of a ReadProcessMemory or WriteProcessMemory request was completed. (0x12B)
[0626/140037.767:WARNING:pe_image_reader.cc(340)] could not read dos header from C:\WINDOWS\SYSTEM32\CRYPTBASE.DLL
[0626/140037.782:ERROR:process_memory_win.cc(73)] ReadMemory at 0xde5e9ea000 of 90112 bytes failed: Only part of a ReadProcessMemory or WriteProcessMemory request was completed. (0x12B)
[0626/140037.782:ERROR:process_memory_win.cc(73)] ReadMemory at 0xde5f1fd000 of 12288 bytes failed: Only part of a ReadProcessMemory or WriteProcessMemory request was completed. (0x12B)
[0626/140037.782:ERROR:process_memory_win.cc(73)] ReadMemory at 0xde5f9f8000 of 32768 bytes failed: Only part of a ReadProcessMemory or WriteProcessMemory request was completed. (0x12B)
[0626/140037.782:ERROR:process_memory_win.cc(73)] ReadMemory at 0xde601fc000 of 16384 bytes failed: Only part of a ReadProcessMemory or WriteProcessMemory request was completed. (0x12B)
[0626/140037.782:ERROR:process_memory_win.cc(73)] ReadMemory at 0xde609fc000 of 16384 bytes failed: Only part of a ReadProcessMemory or WriteProcessMemory request was completed. (0x12B)
[0626/140037.782:ERROR:process_memory_win.cc(73)] ReadMemory at 0xde611fe000 of 8192 bytes failed: Only part of a ReadProcessMemory or WriteProcessMemory request was completed. (0x12B)
[0626/140037.782:ERROR:process_memory_win.cc(73)] ReadMemory at 0xde619fd000 of 12288 bytes failed: Only part of a ReadProcessMemory or WriteProcessMemory request was completed. (0x12B)
[0626/140037.782:ERROR:process_memory_win.cc(73)] ReadMemory at 0xde621fb000 of 20480 bytes failed: Only part of a ReadProcessMemory or WriteProcessMemory request was completed. (0x12B)
[0626/140037.782:ERROR:process_memory_win.cc(73)] ReadMemory at 0xde629fc000 of 16384 bytes failed: Only part of a ReadProcessMemory or WriteProcessMemory request was completed. (0x12B)
[0626/140037.782:ERROR:process_memory_win.cc(73)] ReadMemory at 0xde631f6000 of 40960 bytes failed: Only part of a ReadProcessMemory or WriteProcessMemory request was completed. (0x12B)
[0626/140037.783:ERROR:process_memory_win.cc(73)] ReadMemory at 0xde639f6000 of 40960 bytes failed: Only part of a ReadProcessMemory or WriteProcessMemory request was completed. (0x12B)
[0626/140037.783:ERROR:process_memory_win.cc(73)] ReadMemory at 0xde641fd000 of 12288 bytes failed: Only part of a ReadProcessMemory or WriteProcessMemory request was completed. (0x12B)
[0626/140037.783:ERROR:process_memory_win.cc(73)] ReadMemory at 0xde651f8000 of 32768 bytes failed: Only part of a ReadProcessMemory or WriteProcessMemory request was completed. (0x12B)
[0626/140037.783:ERROR:process_memory_win.cc(73)] ReadMemory at 0xde669fa000 of 24576 bytes failed: Only part of a ReadProcessMemory or WriteProcessMemory request was completed. (0x12B)
[0626/140037.783:ERROR:process_memory_win.cc(73)] ReadMemory at 0xde689fc000 of 16384 bytes failed: Only part of a ReadProcessMemory or WriteProcessMemory request was completed. (0x12B)
[0626/140037.783:ERROR:process_memory_win.cc(73)] ReadMemory at 0xde649fd000 of 12288 bytes failed: Only part of a ReadProcessMemory or WriteProcessMemory request was completed. (0x12B)
[0626/140037.783:ERROR:process_memory_win.cc(73)] ReadMemory at 0xde661fd000 of 12288 bytes failed: Only part of a ReadProcessMemory or WriteProcessMemory request was completed. (0x12B)
[0626/140037.783:ERROR:process_memory_win.cc(73)] ReadMemory at 0xde659fd000 of 12288 bytes failed: Only part of a ReadProcessMemory or WriteProcessMemory request was completed. (0x12B)
[0626/140037.783:ERROR:process_memory_win.cc(73)] ReadMemory at 0xde5e0ad000 of 852 bytes failed: Only part of a ReadProcessMemory or WriteProcessMemory request was completed. (0x12B)
[0626/140037.783:ERROR:process_memory_win.cc(73)] ReadMemory at 0xde5e0ae000 of 6024 bytes failed: Only part of a ReadProcessMemory or WriteProcessMemory request was completed. (0x12B)
[0626/140037.783:ERROR:process_memory_win.cc(73)] ReadMemory at 0xde5e0b0000 of 6024 bytes failed: Only part of a ReadProcessMemory or WriteProcessMemory request was completed. (0x12B)
[0626/140037.783:ERROR:process_memory_win.cc(73)] ReadMemory at 0xde5e0b2000 of 6024 bytes failed: Only part of a ReadProcessMemory or WriteProcessMemory request was completed. (0x12B)
[0626/140037.783:ERROR:process_memory_win.cc(73)] ReadMemory at 0xde5e0b4000 of 6024 bytes failed: Only part of a ReadProcessMemory or WriteProcessMemory request was completed. (0x12B)
[0626/140037.783:ERROR:process_memory_win.cc(73)] ReadMemory at 0xde5e0b6000 of 6024 bytes failed: Only part of a ReadProcessMemory or WriteProcessMemory request was completed. (0x12B)
[0626/140037.783:ERROR:process_memory_win.cc(73)] ReadMemory at 0xde5e0b8000 of 6024 bytes failed: Only part of a ReadProcessMemory or WriteProcessMemory request was completed. (0x12B)
[0626/140037.784:ERROR:process_memory_win.cc(73)] ReadMemory at 0xde5e0ba000 of 6024 bytes failed: Only part of a ReadProcessMemory or WriteProcessMemory request was completed. (0x12B)
[0626/140037.784:ERROR:process_memory_win.cc(73)] ReadMemory at 0xde5e0bc000 of 6024 bytes failed: Only part of a ReadProcessMemory or WriteProcessMemory request was completed. (0x12B)
[0626/140037.784:ERROR:process_memory_win.cc(73)] ReadMemory at 0xde5e0be000 of 6024 bytes failed: Only part of a ReadProcessMemory or WriteProcessMemory request was completed. (0x12B)
[0626/140037.784:ERROR:process_memory_win.cc(73)] ReadMemory at 0xde5e0c0000 of 6024 bytes failed: Only part of a ReadProcessMemory or WriteProcessMemory request was completed. (0x12B)
[0626/140037.784:ERROR:process_memory_win.cc(73)] ReadMemory at 0xde5e0c2000 of 6024 bytes failed: Only part of a ReadProcessMemory or WriteProcessMemory request was completed. (0x12B)
[0626/140037.784:ERROR:process_memory_win.cc(73)] ReadMemory at 0xde5e0c4000 of 6024 bytes failed: Only part of a ReadProcessMemory or WriteProcessMemory request was completed. (0x12B)
[0626/140037.784:ERROR:process_memory_win.cc(73)] ReadMemory at 0xde5e0c8000 of 6024 bytes failed: Only part of a ReadProcessMemory or WriteProcessMemory request was completed. (0x12B)
[0626/140037.784:ERROR:process_memory_win.cc(73)] ReadMemory at 0xde5e0ce000 of 6024 bytes failed: Only part of a ReadProcessMemory or WriteProcessMemory request was completed. (0x12B)
[0626/140037.784:ERROR:process_memory_win.cc(73)] ReadMemory at 0xde5e0d6000 of 6024 bytes failed: Only part of a ReadProcessMemory or WriteProcessMemory request was completed. (0x12B)
[0626/140037.784:ERROR:process_memory_win.cc(73)] ReadMemory at 0xde5e0d8000 of 6024 bytes failed: Only part of a ReadProcessMemory or WriteProcessMemory request was completed. (0x12B)
[0626/140037.784:ERROR:process_memory_win.cc(73)] ReadMemory at 0xde5e0da000 of 6024 bytes failed: Only part of a ReadProcessMemory or WriteProcessMemory request was completed. (0x12B)
[0626/140037.784:ERROR:process_memory_win.cc(73)] ReadMemory at 0xde5e0e0000 of 6024 bytes failed: Only part of a ReadProcessMemory or WriteProcessMemory request was completed. (0x12B)
[0626/140037.784:ERROR:process_memory_win.cc(73)] ReadMemory at 0x27dd9d00ad0 of 1016 bytes failed: Only part of a ReadProcessMemory or WriteProcessMemory request was completed. (0x12B)
[0626/140037.784:ERROR:process_memory_win.cc(73)] ReadMemory at 0x27dd9d00fe0 of 7146 bytes failed: Only part of a ReadProcessMemory or WriteProcessMemory request was completed. (0x12B)
[0626/140037.785:ERROR:process_memory_win.cc(73)] ReadMemory at 0x27dd9d02be0 of 1012 bytes failed: Only part of a ReadProcessMemory or WriteProcessMemory request was completed. (0x12B)
[0626/140037.785:ERROR:process_memory_win.cc(73)] ReadMemory at 0x27dd9d03228 of 118 bytes failed: Only part of a ReadProcessMemory or WriteProcessMemory request was completed. (0x12B)
[0626/140037.785:ERROR:process_memory_win.cc(73)] ReadMemory at 0x27dd9d032a0 of 1260 bytes failed: Only part of a ReadProcessMemory or WriteProcessMemory request was completed. (0x12B)
[0626/140037.785:ERROR:process_memory_win.cc(73)] ReadMemory at 0x27dd9d0378e of 118 bytes failed: Only part of a ReadProcessMemory or WriteProcessMemory request was completed. (0x12B)
[0626/140037.785:ERROR:process_memory_win.cc(73)] ReadMemory at 0x27dd9d03806 of 96 bytes failed: Only part of a ReadProcessMemory or WriteProcessMemory request was completed. (0x12B)
[0626/140037.785:ERROR:process_memory_win.cc(73)] ReadMemory at 0x27dd9d03880 of 58 bytes failed: Only part of a ReadProcessMemory or WriteProcessMemory request was completed. (0x12B)
[0626/140037.785:ERROR:process_memory_win.cc(73)] ReadMemory at 0x27dd9d03980 of 132 bytes failed: Only part of a ReadProcessMemory or WriteProcessMemory request was completed. (0x12B)
[0626/140037.785:ERROR:process_memory_win.cc(73)] ReadMemory at 0x27dd9d03b10 of 132 bytes failed: Only part of a ReadProcessMemory or WriteProcessMemory request was completed. (0x12B)
[0626/140037.785:ERROR:process_memory_win.cc(73)] ReadMemory at 0x27dd9d03cd0 of 126 bytes failed: Only part of a ReadProcessMemory or WriteProcessMemory request was completed. (0x12B)
[0626/140037.785:ERROR:process_memory_win.cc(73)] ReadMemory at 0x27dd9d040c0 of 132 bytes failed: Only part of a ReadProcessMemory or WriteProcessMemory request was completed. (0x12B)
[0626/140037.785:ERROR:process_memory_win.cc(73)] ReadMemory at 0x27dd9d04250 of 64 bytes failed: Only part of a ReadProcessMemory or WriteProcessMemory request was completed. (0x12B)
[0626/140037.785:ERROR:process_memory_win.cc(73)] ReadMemory at 0x27dd9d042a0 of 132 bytes failed: Only part of a ReadProcessMemory or WriteProcessMemory request was completed. (0x12B)
[0626/140037.785:ERROR:process_memory_win.cc(73)] ReadMemory at 0x27dd9d04410 of 132 bytes failed: Only part of a ReadProcessMemory or WriteProcessMemory request was completed. (0x12B)
[0626/140037.785:ERROR:process_memory_win.cc(73)] ReadMemory at 0x27dd9d046b0 of 132 bytes failed: Only part of a ReadProcessMemory or WriteProcessMemory request was completed. (0x12B)
[0626/140037.785:ERROR:process_memory_win.cc(73)] ReadMemory at 0x27dd9d04840 of 68 bytes failed: Only part of a ReadProcessMemory or WriteProcessMemory request was completed. (0x12B)
[0626/140037.785:ERROR:process_memory_win.cc(73)] ReadMemory at 0x27dd9d059a0 of 132 bytes failed: Only part of a ReadProcessMemory or WriteProcessMemory request was completed. (0x12B)
[0626/140037.785:ERROR:process_memory_win.cc(73)] ReadMemory at 0x27dd9d05b30 of 154 bytes failed: Only part of a ReadProcessMemory or WriteProcessMemory request was completed. (0x12B)
[0626/140037.785:ERROR:process_memory_win.cc(73)] ReadMemory at 0x27dd9d06a00 of 132 bytes failed: Only part of a ReadProcessMemory or WriteProcessMemory request was completed. (0x12B)
[0626/140037.786:ERROR:process_memory_win.cc(73)] ReadMemory at 0x27dd9d06b30 of 60 bytes failed: Only part of a ReadProcessMemory or WriteProcessMemory request was completed. (0x12B)
[0626/140037.786:ERROR:process_memory_win.cc(73)] ReadMemory at 0x27dd9d06cfc of 512 bytes failed: Only part of a ReadProcessMemory or WriteProcessMemory request was completed. (0x12B)
[0626/140037.786:ERROR:process_memory_win.cc(73)] ReadMemory at 0x27dd9d07180 of 132 bytes failed: Only part of a ReadProcessMemory or WriteProcessMemory request was completed. (0x12B)
[0626/140037.786:ERROR:process_memory_win.cc(73)] ReadMemory at 0x27dd9d07ea0 of 62 bytes failed: Only part of a ReadProcessMemory or WriteProcessMemory request was completed. (0x12B)
[0626/140037.786:ERROR:process_memory_win.cc(73)] ReadMemory at 0x27dd9d0b800 of 132 bytes failed: Only part of a ReadProcessMemory or WriteProcessMemory request was completed. (0x12B)
[0626/140037.786:ERROR:process_memory_win.cc(73)] ReadMemory at 0x27dd9d0bb60 of 132 bytes failed: Only part of a ReadProcessMemory or WriteProcessMemory request was completed. (0x12B)
[0626/140037.786:ERROR:process_memory_win.cc(73)] ReadMemory at 0x27dd9d0bd70 of 132 bytes failed: Only part of a ReadProcessMemory or WriteProcessMemory request was completed. (0x12B)
[0626/140037.786:ERROR:process_memory_win.cc(73)] ReadMemory at 0x27dd9d0c110 of 132 bytes failed: Only part of a ReadProcessMemory or WriteProcessMemory request was completed. (0x12B)
[0626/140037.786:ERROR:process_memory_win.cc(73)] ReadMemory at 0x27dd9d0c2a0 of 80 bytes failed: Only part of a ReadProcessMemory or WriteProcessMemory request was completed. (0x12B)
[0626/140037.786:ERROR:process_memory_win.cc(73)] ReadMemory at 0x27dd9d0c3c0 of 66 bytes failed: Only part of a ReadProcessMemory or WriteProcessMemory request was completed. (0x12B)
[0626/140037.786:ERROR:process_memory_win.cc(73)] ReadMemory at 0x27dd9d0c410 of 62 bytes failed: Only part of a ReadProcessMemory or WriteProcessMemory request was completed. (0x12B)
[0626/140037.786:ERROR:process_memory_win.cc(73)] ReadMemory at 0x27dd9d0c460 of 64 bytes failed: Only part of a ReadProcessMemory or WriteProcessMemory request was completed. (0x12B)
[0626/140037.786:ERROR:process_memory_win.cc(73)] ReadMemory at 0x27dd9d0c500 of 62 bytes failed: Only part of a ReadProcessMemory or WriteProcessMemory request was completed. (0x12B)
[0626/140037.786:ERROR:process_memory_win.cc(73)] ReadMemory at 0x27dd9d0c690 of 64 bytes failed: Only part of a ReadProcessMemory or WriteProcessMemory request was completed. (0x12B)
[0626/140037.786:ERROR:process_memory_win.cc(73)] ReadMemory at 0x27dd9d0c820 of 60 bytes failed: Only part of a ReadProcessMemory or WriteProcessMemory request was completed. (0x12B)
[0626/140037.786:ERROR:process_memory_win.cc(73)] ReadMemory at 0x27dd9d0c9b0 of 64 bytes failed: Only part of a ReadProcessMemory or WriteProcessMemory request was completed. (0x12B)
[0626/140037.786:ERROR:process_memory_win.cc(73)] ReadMemory at 0x27dd9d0ca00 of 64 bytes failed: Only part of a ReadProcessMemory or WriteProcessMemory request was completed. (0x12B)
[0626/140037.786:ERROR:process_memory_win.cc(73)] ReadMemory at 0x27dd9d0ca50 of 60 bytes failed: Only part of a ReadProcessMemory or WriteProcessMemory request was completed. (0x12B)
[0626/140037.787:ERROR:process_memory_win.cc(73)] ReadMemory at 0x27dd9d0cbd0 of 132 bytes failed: Only part of a ReadProcessMemory or WriteProcessMemory request was completed. (0x12B)
[0626/140037.787:ERROR:process_memory_win.cc(73)] ReadMemory at 0x27dd9d0cd00 of 132 bytes failed: Only part of a ReadProcessMemory or WriteProcessMemory request was completed. (0x12B)
[0626/140037.787:ERROR:process_memory_win.cc(73)] ReadMemory at 0x27dd9d0ce30 of 132 bytes failed: Only part of a ReadProcessMemory or WriteProcessMemory request was completed. (0x12B)
[0626/140037.787:ERROR:process_memory_win.cc(73)] ReadMemory at 0x27dd9d0cf60 of 132 bytes failed: Only part of a ReadProcessMemory or WriteProcessMemory request was completed. (0x12B)
[0626/140037.787:ERROR:process_memory_win.cc(73)] ReadMemory at 0x27dd9d0d090 of 132 bytes failed: Only part of a ReadProcessMemory or WriteProcessMemory request was completed. (0x12B)
[0626/140037.787:ERROR:process_memory_win.cc(73)] ReadMemory at 0x27dd9d0d1c0 of 132 bytes failed: Only part of a ReadProcessMemory or WriteProcessMemory request was completed. (0x12B)
[0626/140037.787:ERROR:process_memory_win.cc(73)] ReadMemory at 0x27dd9d0d420 of 132 bytes failed: Only part of a ReadProcessMemory or WriteProcessMemory request was completed. (0x12B)
[0626/140037.787:ERROR:process_memory_win.cc(73)] ReadMemory at 0x27dd9d0d550 of 132 bytes failed: Only part of a ReadProcessMemory or WriteProcessMemory request was completed. (0x12B)
[0626/140037.787:ERROR:process_memory_win.cc(73)] ReadMemory at 0x27dd9d0d680 of 132 bytes failed: Only part of a ReadProcessMemory or WriteProcessMemory request was completed. (0x12B)
[0626/140037.787:ERROR:process_memory_win.cc(73)] ReadMemory at 0x27dd9d0d7b0 of 132 bytes failed: Only part of a ReadProcessMemory or WriteProcessMemory request was completed. (0x12B)
[0626/140037.787:ERROR:process_memory_win.cc(73)] ReadMemory at 0x27dd9d0d8e0 of 132 bytes failed: Only part of a ReadProcessMemory or WriteProcessMemory request was completed. (0x12B)
[0626/140037.787:ERROR:process_memory_win.cc(73)] ReadMemory at 0x27dd9d0da10 of 132 bytes failed: Only part of a ReadProcessMemory or WriteProcessMemory request was completed. (0x12B)
[0626/140037.787:ERROR:process_memory_win.cc(73)] ReadMemory at 0x27dd9d10ca0 of 132 bytes failed: Only part of a ReadProcessMemory or WriteProcessMemory request was completed. (0x12B)
[0626/140037.787:ERROR:process_memory_win.cc(73)] ReadMemory at 0x27dd9d10dd0 of 132 bytes failed: Only part of a ReadProcessMemory or WriteProcessMemory request was completed. (0x12B)
[0626/140037.787:ERROR:process_memory_win.cc(73)] ReadMemory at 0x27dd9d11dc0 of 54 bytes failed: Only part of a ReadProcessMemory or WriteProcessMemory request was completed. (0x12B)
[0626/140037.787:ERROR:process_memory_win.cc(73)] ReadMemory at 0x27dd9d12ee0 of 146 bytes failed: Only part of a ReadProcessMemory or WriteProcessMemory request was completed. (0x12B)
[0626/140037.787:ERROR:process_memory_win.cc(73)] ReadMemory at 0x27dd9d14300 of 132 bytes failed: Only part of a ReadProcessMemory or WriteProcessMemory request was completed. (0x12B)
[0626/140037.788:ERROR:process_memory_win.cc(73)] ReadMemory at 0x27dd9d15e50 of 132 bytes failed: Only part of a ReadProcessMemory or WriteProcessMemory request was completed. (0x12B)
[0626/140037.788:ERROR:process_memory_win.cc(73)] ReadMemory at 0x27dd9d161b0 of 80 bytes failed: Only part of a ReadProcessMemory or WriteProcessMemory request was completed. (0x12B)
[0626/140037.788:ERROR:process_memory_win.cc(73)] ReadMemory at 0x27dd9d16570 of 76 bytes failed: Only part of a ReadProcessMemory or WriteProcessMemory request was completed. (0x12B)
[0626/140037.788:ERROR:process_memory_win.cc(73)] ReadMemory at 0x27dd9d165d0 of 78 bytes failed: Only part of a ReadProcessMemory or WriteProcessMemory request was completed. (0x12B)
[0626/140037.789:ERROR:process_memory_win.cc(73)] ReadMemory at 0x27dd9d17030 of 62 bytes failed: Only part of a ReadProcessMemory or WriteProcessMemory request was completed. (0x12B)
[0626/140037.789:ERROR:process_memory_win.cc(73)] ReadMemory at 0x27dd9d171c0 of 66 bytes failed: Only part of a ReadProcessMemory or WriteProcessMemory request was completed. (0x12B)
[0626/140037.789:ERROR:process_memory_win.cc(73)] ReadMemory at 0x27dd9d17620 of 64 bytes failed: Only part of a ReadProcessMemory or WriteProcessMemory request was completed. (0x12B)
[0626/140037.789:ERROR:process_memory_win.cc(73)] ReadMemory at 0x27dd9d176c0 of 64 bytes failed: Only part of a ReadProcessMemory or WriteProcessMemory request was completed. (0x12B)
[0626/140037.789:ERROR:process_memory_win.cc(73)] ReadMemory at 0x27dd9d177b0 of 62 bytes failed: Only part of a ReadProcessMemory or WriteProcessMemory request was completed. (0x12B)
[0626/140037.789:ERROR:process_memory_win.cc(73)] ReadMemory at 0x27dd9d178a0 of 62 bytes failed: Only part of a ReadProcessMemory or WriteProcessMemory request was completed. (0x12B)
[0626/140037.789:ERROR:process_memory_win.cc(73)] ReadMemory at 0x27dd9d17a30 of 60 bytes failed: Only part of a ReadProcessMemory or WriteProcessMemory request was completed. (0x12B)
[0626/140037.789:ERROR:process_memory_win.cc(73)] ReadMemory at 0x27dd9d17a80 of 60 bytes failed: Only part of a ReadProcessMemory or WriteProcessMemory request was completed. (0x12B)
[0626/140037.789:ERROR:process_memory_win.cc(73)] ReadMemory at 0x27dd9d17bc0 of 62 bytes failed: Only part of a ReadProcessMemory or WriteProcessMemory request was completed. (0x12B)
[0626/140037.789:ERROR:process_memory_win.cc(73)] ReadMemory at 0x27dd9d17c60 of 60 bytes failed: Only part of a ReadProcessMemory or WriteProcessMemory request was completed. (0x12B)
[0626/140037.789:ERROR:process_memory_win.cc(73)] ReadMemory at 0x27dd9d17cb0 of 64 bytes failed: Only part of a ReadProcessMemory or WriteProcessMemory request was completed. (0x12B)
[0626/140037.789:ERROR:process_memory_win.cc(73)] ReadMemory at 0x27dd9d17d00 of 60 bytes failed: Only part of a ReadProcessMemory or WriteProcessMemory request was completed. (0x12B)
[0626/140037.789:ERROR:process_memory_win.cc(73)] ReadMemory at 0x27dd9d17da0 of 58 bytes failed: Only part of a ReadProcessMemory or WriteProcessMemory request was completed. (0x12B)
[0626/140037.789:ERROR:process_memory_win.cc(73)] ReadMemory at 0x27dd9d17df0 of 62 bytes failed: Only part of a ReadProcessMemory or WriteProcessMemory request was completed. (0x12B)
[0626/140037.789:ERROR:process_memory_win.cc(73)] ReadMemory at 0x27dd9d17e40 of 62 bytes failed: Only part of a ReadProcessMemory or WriteProcessMemory request was completed. (0x12B)
[0626/140037.789:ERROR:process_memory_win.cc(73)] ReadMemory at 0x27dd9d17e90 of 62 bytes failed: Only part of a ReadProcessMemory or WriteProcessMemory request was completed. (0x12B)
[0626/140037.789:ERROR:process_memory_win.cc(73)] ReadMemory at 0x27dd9d17ee0 of 62 bytes failed: Only part of a ReadProcessMemory or WriteProcessMemory request was completed. (0x12B)
[0626/140037.789:ERROR:process_memory_win.cc(73)] ReadMemory at 0x27dd9d17f30 of 64 bytes failed: Only part of a ReadProcessMemory or WriteProcessMemory request was completed. (0x12B)
[0626/140037.789:ERROR:process_memory_win.cc(73)] ReadMemory at 0x27dd9d17ff0 of 132 bytes failed: Only part of a ReadProcessMemory or WriteProcessMemory request was completed. (0x12B)
[0626/140037.789:ERROR:process_memory_win.cc(73)] ReadMemory at 0x27dd9d18120 of 132 bytes failed: Only part of a ReadProcessMemory or WriteProcessMemory request was completed. (0x12B)
[0626/140037.790:ERROR:process_memory_win.cc(73)] ReadMemory at 0x27dd9d18250 of 132 bytes failed: Only part of a ReadProcessMemory or WriteProcessMemory request was completed. (0x12B)
[0626/140037.790:ERROR:process_memory_win.cc(73)] ReadMemory at 0x27dd9d18380 of 132 bytes failed: Only part of a ReadProcessMemory or WriteProcessMemory request was completed. (0x12B)
[0626/140037.790:ERROR:process_memory_win.cc(73)] ReadMemory at 0x27dd9d184b0 of 132 bytes failed: Only part of a ReadProcessMemory or WriteProcessMemory request was completed. (0x12B)
[0626/140037.790:ERROR:process_memory_win.cc(73)] ReadMemory at 0x27dd9d185e0 of 132 bytes failed: Only part of a ReadProcessMemory or WriteProcessMemory request was completed. (0x12B)
[0626/140037.790:ERROR:process_memory_win.cc(73)] ReadMemory at 0x27dd9d18710 of 132 bytes failed: Only part of a ReadProcessMemory or WriteProcessMemory request was completed. (0x12B)
[0626/140037.790:ERROR:process_memory_win.cc(73)] ReadMemory at 0x27dd9d18840 of 132 bytes failed: Only part of a ReadProcessMemory or WriteProcessMemory request was completed. (0x12B)
[0626/140037.790:ERROR:process_memory_win.cc(73)] ReadMemory at 0x27dd9d18970 of 132 bytes failed: Only part of a ReadProcessMemory or WriteProcessMemory request was completed. (0x12B)
[0626/140037.790:ERROR:process_memory_win.cc(73)] ReadMemory at 0x27dd9d18aa0 of 132 bytes failed: Only part of a ReadProcessMemory or WriteProcessMemory request was completed. (0x12B)
[0626/140037.790:ERROR:process_memory_win.cc(73)] ReadMemory at 0x27dd9d18bd0 of 132 bytes failed: Only part of a ReadProcessMemory or WriteProcessMemory request was completed. (0x12B)
[0626/140037.790:ERROR:process_memory_win.cc(73)] ReadMemory at 0x27dd9d18d00 of 132 bytes failed: Only part of a ReadProcessMemory or WriteProcessMemory request was completed. (0x12B)
[0626/140037.790:ERROR:process_memory_win.cc(73)] ReadMemory at 0x27dd9d18e30 of 132 bytes failed: Only part of a ReadProcessMemory or WriteProcessMemory request was completed. (0x12B)
[0626/140037.790:ERROR:process_memory_win.cc(73)] ReadMemory at 0x27dd9d18f60 of 132 bytes failed: Only part of a ReadProcessMemory or WriteProcessMemory request was completed. (0x12B)
[0626/140037.790:ERROR:process_memory_win.cc(73)] ReadMemory at 0x27dd9d19090 of 132 bytes failed: Only part of a ReadProcessMemory or WriteProcessMemory request was completed. (0x12B)
[0626/140037.790:ERROR:process_memory_win.cc(73)] ReadMemory at 0x27dd9d191c0 of 132 bytes failed: Only part of a ReadProcessMemory or WriteProcessMemory request was completed. (0x12B)
[0626/140037.790:ERROR:process_memory_win.cc(73)] ReadMemory at 0x27dd9d192f0 of 132 bytes failed: Only part of a ReadProcessMemory or WriteProcessMemory request was completed. (0x12B)
[0626/140037.790:ERROR:process_memory_win.cc(73)] ReadMemory at 0x27dd9d19420 of 132 bytes failed: Only part of a ReadProcessMemory or WriteProcessMemory request was completed. (0x12B)
[0626/140037.790:ERROR:process_memory_win.cc(73)] ReadMemory at 0x27dd9d198e0 of 132 bytes failed: Only part of a ReadProcessMemory or WriteProcessMemory request was completed. (0x12B)
[0626/140037.790:ERROR:process_memory_win.cc(73)] ReadMemory at 0x27dd9d19b40 of 132 bytes failed: Only part of a ReadProcessMemory or WriteProcessMemory request was completed. (0x12B)
[0626/140037.790:ERROR:process_memory_win.cc(73)] ReadMemory at 0x27dd9d19da0 of 132 bytes failed: Only part of a ReadProcessMemory or WriteProcessMemory request was completed. (0x12B)
[0626/140037.790:ERROR:process_memory_win.cc(73)] ReadMemory at 0x27dd9d2be70 of 58 bytes failed: Only part of a ReadProcessMemory or WriteProcessMemory request was completed. (0x12B)
[0626/140037.791:ERROR:process_memory_win.cc(73)] ReadMemory at 0x27dd9d2bf60 of 62 bytes failed: Only part of a ReadProcessMemory or WriteProcessMemory request was completed. (0x12B)
[0626/140037.791:ERROR:process_memory_win.cc(73)] ReadMemory at 0x27dd9d2bfb0 of 60 bytes failed: Only part of a ReadProcessMemory or WriteProcessMemory request was completed. (0x12B)
[0626/140037.791:ERROR:process_memory_win.cc(73)] ReadMemory at 0x27dd9d2c000 of 66 bytes failed: Only part of a ReadProcessMemory or WriteProcessMemory request was completed. (0x12B)
[0626/140037.791:ERROR:process_memory_win.cc(73)] ReadMemory at 0x27dd9d2c0f0 of 62 bytes failed: Only part of a ReadProcessMemory or WriteProcessMemory request was completed. (0x12B)
[0626/140037.791:ERROR:process_memory_win.cc(73)] ReadMemory at 0x27dd9d2c1e0 of 58 bytes failed: Only part of a ReadProcessMemory or WriteProcessMemory request was completed. (0x12B)
[0626/140037.791:ERROR:process_memory_win.cc(73)] ReadMemory at 0x27dd9d2c280 of 58 bytes failed: Only part of a ReadProcessMemory or WriteProcessMemory request was completed. (0x12B)
[0626/140037.791:ERROR:process_memory_win.cc(73)] ReadMemory at 0x27dd9d2c2d0 of 60 bytes failed: Only part of a ReadProcessMemory or WriteProcessMemory request was completed. (0x12B)
[0626/140037.791:ERROR:process_memory_win.cc(73)] ReadMemory at 0x27dd9d2c370 of 62 bytes failed: Only part of a ReadProcessMemory or WriteProcessMemory request was completed. (0x12B)
[0626/140037.791:ERROR:process_memory_win.cc(73)] ReadMemory at 0x27dd9d2c640 of 64 bytes failed: Only part of a ReadProcessMemory or WriteProcessMemory request was completed. (0x12B)
[0626/140037.791:ERROR:process_memory_win.cc(73)] ReadMemory at 0x27dd9d37c60 of 512 bytes failed: Only part of a ReadProcessMemory or WriteProcessMemory request was completed. (0x12B)
[0626/140037.791:ERROR:process_memory_win.cc(73)] ReadMemory at 0x27dd9d38bd0 of 512 bytes failed: Only part of a ReadProcessMemory or WriteProcessMemory request was completed. (0x12B)
[0626/140037.791:ERROR:process_memory_win.cc(73)] ReadMemory at 0x27dd9d38f50 of 512 bytes failed: Only part of a ReadProcessMemory or WriteProcessMemory request was completed. (0x12B)
[0626/140037.791:ERROR:process_memory_win.cc(73)] ReadMemory at 0x27dd9d43b00 of 512 bytes failed: Only part of a ReadProcessMemory or WriteProcessMemory request was completed. (0x12B)
[0626/140037.791:ERROR:process_memory_win.cc(73)] ReadMemory at 0x27dd9d43e80 of 512 bytes failed: Only part of a ReadProcessMemory or WriteProcessMemory request was completed. (0x12B)
[0626/140037.791:ERROR:process_memory_win.cc(73)] ReadMemory at 0x27dd9e010c0 of 512 bytes failed: Only part of a ReadProcessMemory or WriteProcessMemory request was completed. (0x12B)
[0626/140037.791:ERROR:process_memory_win.cc(73)] ReadMemory at 0x27dd9e01b40 of 512 bytes failed: Only part of a ReadProcessMemory or WriteProcessMemory request was completed. (0x12B)
[0626/140037.791:ERROR:process_memory_win.cc(73)] ReadMemory at 0x27dda2c2bc0 of 512 bytes failed: Only part of a ReadProcessMemory or WriteProcessMemory request was completed. (0x12B)
[0626/140037.791:ERROR:process_memory_win.cc(73)] ReadMemory at 0x27dda2d78c0 of 712 bytes failed: Only part of a ReadProcessMemory or WriteProcessMemory request was completed. (0x12B)
[0626/140037.792:ERROR:process_memory_win.cc(73)] ReadMemory at 0x27dda2e22b0 of 512 bytes failed: Only part of a ReadProcessMemory or WriteProcessMemory request was completed. (0x12B)
[0626/140037.792:ERROR:process_memory_win.cc(73)] ReadMemory at 0x27dda2ffb50 of 512 bytes failed: Only part of a ReadProcessMemory or WriteProcessMemory request was completed. (0x12B)
[0626/140037.792:ERROR:process_memory_win.cc(73)] ReadMemory at 0x27dda321710 of 512 bytes failed: Only part of a ReadProcessMemory or WriteProcessMemory request was completed. (0x12B)
[0626/140037.792:ERROR:process_memory_win.cc(73)] ReadMemory at 0x27ddbcc5570 of 512 bytes failed: Only part of a ReadProcessMemory or WriteProcessMemory request was completed. (0x12B)
[0626/140037.792:ERROR:process_memory_win.cc(73)] ReadMemory at 0x27ddbcc8120 of 512 bytes failed: Only part of a ReadProcessMemory or WriteProcessMemory request was completed. (0x12B)
[0626/140037.792:ERROR:process_memory_win.cc(73)] ReadMemory at 0x27ddd426a30 of 512 bytes failed: Only part of a ReadProcessMemory or WriteProcessMemory request was completed. (0x12B)
[0626/140037.792:ERROR:process_memory_win.cc(73)] ReadMemory at 0x27ddd48e0b8 of 512 bytes failed: Only part of a ReadProcessMemory or WriteProcessMemory request was completed. (0x12B)
[0626/140037.792:ERROR:process_memory_win.cc(73)] ReadMemory at 0x27ddd4cf850 of 512 bytes failed: Only part of a ReadProcessMemory or WriteProcessMemory request was completed. (0x12B)
[0626/140037.792:ERROR:process_memory_win.cc(73)] ReadMemory at 0x27ddd68b8a0 of 512 bytes failed: Only part of a ReadProcessMemory or WriteProcessMemory request was completed. (0x12B)
[0626/140037.792:ERROR:process_memory_win.cc(73)] ReadMemory at 0x27dddca2310 of 512 bytes failed: Only part of a ReadProcessMemory or WriteProcessMemory request was completed. (0x12B)
[0626/140037.792:ERROR:process_memory_win.cc(73)] ReadMemory at 0x27ddf6fcc70 of 512 bytes failed: Only part of a ReadProcessMemory or WriteProcessMemory request was completed. (0x12B)
[0626/140037.792:ERROR:process_memory_win.cc(73)] ReadMemory at 0x11e300009358 of 512 bytes failed: Only part of a ReadProcessMemory or WriteProcessMemory request was completed. (0x12B)
[0626/140037.792:ERROR:process_memory_win.cc(73)] ReadMemory at 0x11e308040000 of 384 bytes failed: Only part of a ReadProcessMemory or WriteProcessMemory request was completed. (0x12B)
[0626/140037.792:ERROR:process_memory_win.cc(73)] ReadMemory at 0x11e308a7ff80 of 512 bytes failed: Only part of a ReadProcessMemory or WriteProcessMemory request was completed. (0x12B)
[0626/140037.792:ERROR:process_memory_win.cc(73)] ReadMemory at 0x11e308ac11f1 of 523 bytes failed: Only part of a ReadProcessMemory or WriteProcessMemory request was completed. (0x12B)
[0626/140037.792:ERROR:process_memory_win.cc(73)] ReadMemory at 0x11e3094fff80 of 512 bytes failed: Only part of a ReadProcessMemory or WriteProcessMemory request was completed. (0x12B)
[0626/140037.792:ERROR:process_memory_win.cc(73)] ReadMemory at 0x11e309523ca1 of 512 bytes failed: Only part of a ReadProcessMemory or WriteProcessMemory request was completed. (0x12B)
[0626/140037.792:ERROR:process_memory_win.cc(73)] ReadMemory at 0x5fe2eb5350a0 of 512 bytes failed: Only part of a ReadProcessMemory or WriteProcessMemory request was completed. (0x12B)
[0626/140037.792:ERROR:process_memory_win.cc(73)] ReadMemory at 0x7ffc4f316314 of 512 bytes failed: Only part of a ReadProcessMemory or WriteProcessMemory request was completed. (0x12B)
[0626/140037.793:ERROR:process_memory_win.cc(73)] ReadMemory at 0x7ffc4f31ecb1 of 512 bytes failed: Only part of a ReadProcessMemory or WriteProcessMemory request was completed. (0x12B)
[0626/140037.793:ERROR:process_memory_win.cc(73)] ReadMemory at 0x7ffc4f382616 of 687 bytes failed: Only part of a ReadProcessMemory or WriteProcessMemory request was completed. (0x12B)
[0626/140037.793:ERROR:process_memory_win.cc(73)] ReadMemory at 0x7ffc50cd0ae4 of 512 bytes failed: Only part of a ReadProcessMemory or WriteProcessMemory request was completed. (0x12B)
[0626/140037.793:ERROR:process_memory_win.cc(73)] ReadMemory at 0x7ffc50cdc855 of 512 bytes failed: Only part of a ReadProcessMemory or WriteProcessMemory request was completed. (0x12B)
[0626/140037.793:ERROR:process_memory_win.cc(73)] ReadMemory at 0x7ffc50cdd11a of 512 bytes failed: Only part of a ReadProcessMemory or WriteProcessMemory request was completed. (0x12B)
[0626/140037.793:ERROR:process_memory_win.cc(73)] ReadMemory at 0x7ffc55ddec30 of 512 bytes failed: Only part of a ReadProcessMemory or WriteProcessMemory request was completed. (0x12B)
[0626/140037.793:ERROR:process_memory_win.cc(73)] ReadMemory at 0x7ffc907aa719 of 512 bytes failed: Only part of a ReadProcessMemory or WriteProcessMemory request was completed. (0x12B)
[0626/140037.793:ERROR:process_memory_win.cc(73)] ReadMemory at 0x7ffc909dc6e0 of 512 bytes failed: Only part of a ReadProcessMemory or WriteProcessMemory request was completed. (0x12B)
[0626/140037.793:ERROR:process_memory_win.cc(73)] ReadMemory at 0x7ffc9375c074 of 672 bytes failed: Only part of a ReadProcessMemory or WriteProcessMemory request was completed. (0x12B)
[0626/140037.793:ERROR:process_memory_win.cc(73)] ReadMemory at 0x7ffc9375c674 of 512 bytes failed: Only part of a ReadProcessMemory or WriteProcessMemory request was completed. (0x12B)
[0626/140037.793:ERROR:process_memory_win.cc(73)] ReadMemory at 0x7ffc9375f924 of 608 bytes failed: Only part of a ReadProcessMemory or WriteProcessMemory request was completed. (0x12B)
[0626/140037.794:ERROR:process_memory_win.cc(73)] ReadMemory at 0x7ffc937ec428 of 18 bytes failed: Only part of a ReadProcessMemory or WriteProcessMemory request was completed. (0x12B)
[0626/140037.794:ERROR:process_memory_win.cc(73)] ReadMemory at 0x7ffc9381f4f8 of 40 bytes failed: Only part of a ReadProcessMemory or WriteProcessMemory request was completed. (0x12B)
[0626/140037.794:ERROR:process_memory_win.cc(73)] ReadMemory at 0x7ffc9381f978 of 48 bytes failed: Only part of a ReadProcessMemory or WriteProcessMemory request was completed. (0x12B)
[0626/140037.794:ERROR:process_memory_win.cc(73)] ReadMemory at 0x7ffc938253c0 of 64 bytes failed: Only part of a ReadProcessMemory or WriteProcessMemory request was completed. (0x12B)
[0626/140037.796:ERROR:scoped_process_suspend.cc(40)] NtResumeProcess: An attempt was made to access an exiting process. (0xc000010a)
[0626/162032.978:ERROR:process_reader_win.cc(151)] SuspendThread: Access is denied. (0x5)
[0626/162032.979:ERROR:process_reader_win.cc(123)] NtOpenThread: {Access Denied} A process has requested access to an object, but has not been granted those access rights. (0xc0000022)
[0626/162032.980:ERROR:exception_snapshot_win.cc(98)] thread ID 23668 not found in process
[0626/162033.183:ERROR:process_reader_win.cc(123)] NtOpenThread: {Access Denied} A process has requested access to an object, but has not been granted those access rights. (0xc0000022)
[0626/162033.183:ERROR:exception_snapshot_win.cc(98)] thread ID 25544 not found in process
[0626/162033.194:ERROR:process_reader_win.cc(123)] NtOpenThread: {Access Denied} A process has requested access to an object, but has not been granted those access rights. (0xc0000022)
[0626/162033.194:ERROR:exception_snapshot_win.cc(98)] thread ID 22392 not found in process
[0626/162033.194:ERROR:process_reader_win.cc(123)] NtOpenThread: {Access Denied} A process has requested access to an object, but has not been granted those access rights. (0xc0000022)
[0626/162033.195:ERROR:exception_snapshot_win.cc(98)] thread ID 24344 not found in process
[0626/162033.199:ERROR:process_reader_win.cc(123)] NtOpenThread: {Access Denied} A process has requested access to an object, but has not been granted those access rights. (0xc0000022)
[0626/162033.200:ERROR:exception_snapshot_win.cc(98)] thread ID 16232 not found in process
[0627/233732.996:ERROR:process_reader_win.cc(123)] NtOpenThread: {Access Denied} A process has requested access to an object, but has not been granted those access rights. (0xc0000022)
[0627/233732.998:ERROR:exception_snapshot_win.cc(98)] thread ID 23444 not found in process
[0627/233732.999:ERROR:process_reader_win.cc(123)] NtOpenThread: {Access Denied} A process has requested access to an object, but has not been granted those access rights. (0xc0000022)
[0627/233732.999:ERROR:exception_snapshot_win.cc(98)] thread ID 4412 not found in process
[0627/235130.787:ERROR:process_reader_win.cc(123)] NtOpenThread: {Access Denied} A process has requested access to an object, but has not been granted those access rights. (0xc0000022)
[0627/235130.789:ERROR:exception_snapshot_win.cc(98)] thread ID 16896 not found in process
[0627/235130.797:ERROR:process_reader_win.cc(123)] NtOpenThread: {Access Denied} A process has requested access to an object, but has not been granted those access rights. (0xc0000022)
[0627/235130.797:ERROR:exception_snapshot_win.cc(98)] thread ID 22376 not found in process
[0628/000258.908:ERROR:process_reader_win.cc(123)] NtOpenThread: {Access Denied} A process has requested access to an object, but has not been granted those access rights. (0xc0000022)
[0628/000258.911:ERROR:exception_snapshot_win.cc(98)] thread ID 7908 not found in process
[0628/000258.912:ERROR:process_reader_win.cc(123)] NtOpenThread: {Access Denied} A process has requested access to an object, but has not been granted those access rights. (0xc0000022)
[0628/000258.913:ERROR:exception_snapshot_win.cc(98)] thread ID 24364 not found in process
[0628/000258.932:ERROR:process_reader_win.cc(123)] NtOpenThread: {Access Denied} A process has requested access to an object, but has not been granted those access rights. (0xc0000022)
[0628/000258.932:ERROR:exception_snapshot_win.cc(98)] thread ID 2724 not found in process
[0628/000258.932:ERROR:process_reader_win.cc(123)] NtOpenThread: {Access Denied} A process has requested access to an object, but has not been granted those access rights. (0xc0000022)
[0628/000258.933:ERROR:exception_snapshot_win.cc(98)] thread ID 3976 not found in process
[0628/000258.946:ERROR:process_reader_win.cc(123)] NtOpenThread: {Access Denied} A process has requested access to an object, but has not been granted those access rights. (0xc0000022)
[0628/000258.946:ERROR:exception_snapshot_win.cc(98)] thread ID 7856 not found in process
[0628/000258.908:ERROR:process_reader_win.cc(123)] NtOpenThread: {Access Denied} A process has requested access to an object, but has not been granted those access rights. (0xc0000022)
[0628/000258.947:ERROR:exception_snapshot_win.cc(98)] thread ID 19224 not found in process
[0628/000258.961:ERROR:process_reader_win.cc(123)] NtOpenThread: {Access Denied} A process has requested access to an object, but has not been granted those access rights. (0xc0000022)
[0628/000258.961:ERROR:exception_snapshot_win.cc(98)] thread ID 16840 not found in process
[0628/000258.976:ERROR:process_reader_win.cc(123)] NtOpenThread: {Access Denied} A process has requested access to an object, but has not been granted those access rights. (0xc0000022)
[0628/000258.976:ERROR:exception_snapshot_win.cc(98)] thread ID 7244 not found in process
[0627/094701.648:ERROR:process_reader_win.cc(151)] SuspendThread: Access is denied. (0x5)
[0627/094701.649:ERROR:process_reader_win.cc(123)] NtOpenThread: {Access Denied} A process has requested access to an object, but has not been granted those access rights. (0xc0000022)
[0627/094701.649:ERROR:exception_snapshot_win.cc(98)] thread ID 6868 not found in process
[0627/094701.842:ERROR:process_reader_win.cc(123)] NtOpenThread: {Access Denied} A process has requested access to an object, but has not been granted those access rights. (0xc0000022)
[0627/094701.842:ERROR:exception_snapshot_win.cc(98)] thread ID 20856 not found in process
[0627/094701.855:ERROR:process_reader_win.cc(123)] NtOpenThread: {Access Denied} A process has requested access to an object, but has not been granted those access rights. (0xc0000022)
[0627/094701.855:ERROR:exception_snapshot_win.cc(98)] thread ID 26120 not found in process
[0628/224258.046:ERROR:process_reader_win.cc(123)] NtOpenThread: {Access Denied} A process has requested access to an object, but has not been granted those access rights. (0xc0000022)
[0628/224258.051:ERROR:exception_snapshot_win.cc(98)] thread ID 24568 not found in process
[0629/013130.046:ERROR:process_reader_win.cc(123)] NtOpenThread: {Access Denied} A process has requested access to an object, but has not been granted those access rights. (0xc0000022)
[0629/013130.049:ERROR:exception_snapshot_win.cc(98)] thread ID 26996 not found in process
[0629/013130.065:ERROR:process_reader_win.cc(123)] NtOpenThread: {Access Denied} A process has requested access to an object, but has not been granted those access rights. (0xc0000022)
[0629/013130.065:ERROR:exception_snapshot_win.cc(98)] thread ID 6796 not found in process
[0629/123252.301:ERROR:process_reader_win.cc(123)] NtOpenThread: {Access Denied} A process has requested access to an object, but has not been granted those access rights. (0xc0000022)
[0629/123252.306:ERROR:exception_snapshot_win.cc(98)] thread ID 20368 not found in process
[0629/123252.325:ERROR:process_reader_win.cc(123)] NtOpenThread: {Access Denied} A process has requested access to an object, but has not been granted those access rights. (0xc0000022)
[0629/123252.325:ERROR:exception_snapshot_win.cc(98)] thread ID 20408 not found in process
[0629/131207.746:ERROR:process_reader_win.cc(123)] NtOpenThread: {Access Denied} A process has requested access to an object, but has not been granted those access rights. (0xc0000022)
[0629/131207.748:ERROR:exception_snapshot_win.cc(98)] thread ID 18328 not found in process
[0629/131207.754:ERROR:process_reader_win.cc(123)] NtOpenThread: {Access Denied} A process has requested access to an object, but has not been granted those access rights. (0xc0000022)
[0629/131207.755:ERROR:exception_snapshot_win.cc(98)] thread ID 18436 not found in process
